#
# There is insufficient memory for the Java Runtime Environment to continue.
# Native memory allocation (malloc) failed to allocate 32744 bytes for ChunkPool::allocate
# Possible reasons:
#   The system is out of physical RAM or swap space
#   In 32 bit mode, the process size limit was hit
# Possible solutions:
#   Reduce memory load on the system
#   Increase physical memory or swap space
#   Check if swap backing store is full
#   Use 64 bit Java on a 64 bit OS
#   Decrease Java heap size (-Xmx/-Xms)
#   Decrease number of Java threads
#   Decrease Java thread stack sizes (-Xss)
#   Set larger code cache with -XX:ReservedCodeCacheSize=
# This output file may be truncated or incomplete.
#
#  Out of Memory Error (allocation.cpp:273), pid=26124, tid=0x00000000000063e4
#
# JRE version: Java(TM) SE Runtime Environment (8.0_131-b11) (build 1.8.0_131-b11)
# Java VM: Java HotSpot(TM) 64-Bit Server VM (25.131-b11 mixed mode windows-amd64 compressed oops)
# Failed to write core dump. Minidumps are not enabled by default on client versions of Windows
#

---------------  T H R E A D  ---------------

Current thread (0x0000000018335000):  JavaThread "C2 CompilerThread0" daemon [_thread_in_native, id=25572, stack(0x0000000019e60000,0x0000000019f60000)]

Stack: [0x0000000019e60000,0x0000000019f60000]
[error occurred during error reporting (printing stack bounds), id 0xc0000005]

Native frames: (J=compiled Java code, j=interpreted, Vv=VM code, C=native code)


Current CompileTask:
C2:   5248 2409   !   4       java.net.URLClassLoader$1::run (63 bytes)


---------------  P R O C E S S  ---------------

Java Threads: ( => current thread )
  0x00000000199e3000 JavaThread "Service Thread" daemon [_thread_blocked, id=12336, stack(0x000000001a160000,0x000000001a260000)]
  0x00000000199d8800 JavaThread "C1 CompilerThread2" daemon [_thread_in_native, id=24024, stack(0x000000001a060000,0x000000001a160000)]
  0x000000001835e000 JavaThread "C2 CompilerThread1" daemon [_thread_in_native, id=26536, stack(0x0000000019f60000,0x000000001a060000)]
=>0x0000000018335000 JavaThread "C2 CompilerThread0" daemon [_thread_in_native, id=25572, stack(0x0000000019e60000,0x0000000019f60000)]
  0x000000001833b000 JavaThread "Monitor Ctrl-Break" daemon [_thread_in_native, id=24960, stack(0x0000000019d60000,0x0000000019e60000)]
  0x0000000018307000 JavaThread "Attach Listener" daemon [_thread_blocked, id=21996, stack(0x0000000019860000,0x0000000019960000)]
  0x0000000018305800 JavaThread "Signal Dispatcher" daemon [_thread_blocked, id=26512, stack(0x0000000019760000,0x0000000019860000)]
  0x00000000036be800 JavaThread "Finalizer" daemon [_thread_blocked, id=20684, stack(0x0000000019550000,0x0000000019650000)]
  0x00000000036b9000 JavaThread "Reference Handler" daemon [_thread_blocked, id=18512, stack(0x0000000019450000,0x0000000019550000)]
  0x00000000035c9800 JavaThread "main" [_thread_in_vm, id=26756, stack(0x00000000034c0000,0x00000000035c0000)]

Other Threads:
  0x00000000182c8000 VMThread [stack: 0x0000000019350000,0x0000000019450000] [id=20748]
  0x0000000019a84800 WatcherThread [stack: 0x000000001a260000,0x000000001a360000] [id=2320]

VM state:not at safepoint (normal execution)

VM Mutex/Monitor currently owned by a thread: None

Heap:
 PSYoungGen      total 141312K, used 23538K [0x00000000d5e00000, 0x00000000e6000000, 0x0000000100000000)
  eden space 133120K, 11% used [0x00000000d5e00000,0x00000000d6cfec88,0x00000000de000000)
  from space 8192K, 99% used [0x00000000de000000,0x00000000de7fde40,0x00000000de800000)
  to   space 11264K, 0% used [0x00000000e5500000,0x00000000e5500000,0x00000000e6000000)
 ParOldGen       total 47104K, used 10249K [0x0000000081a00000, 0x0000000084800000, 0x00000000d5e00000)
  object space 47104K, 21% used [0x0000000081a00000,0x00000000824027a8,0x0000000084800000)
 Metaspace       used 28941K, capacity 29974K, committed 30204K, reserved 1075200K
  class space    used 3783K, capacity 4009K, committed 4092K, reserved 1048576K

Card table byte_map: [0x0000000012b80000,0x0000000012f80000] byte_map_base: 0x0000000012773000

Marking Bits: (ParMarkBitMap*) 0x000000005b8ac720
 Begin Bits: [0x0000000013630000, 0x00000000155c8000)
 End Bits:   [0x00000000155c8000, 0x0000000017560000)

Polling page: 0x00000000017a0000

CodeCache: size=245760Kb used=9541Kb max_used=9541Kb free=236218Kb
 bounds [0x00000000037c0000, 0x0000000004120000, 0x00000000127c0000]
 total_blobs=3076 nmethods=2674 adapters=314
 compilation: enabled

Compilation events (10 events):
Event: 5.241 Thread 0x00000000199d8800 nmethod 2680 0x00000000041127d0 code [0x00000000041129e0, 0x0000000004113398]
Event: 5.241 Thread 0x00000000199d8800 2681       3       org.springframework.asm.Frame::initInputFrame (158 bytes)
Event: 5.242 Thread 0x00000000199d8800 nmethod 2681 0x0000000004113750 code [0x0000000004113960, 0x0000000004114498]
Event: 5.243 Thread 0x00000000199d8800 2682       3       org.springframework.asm.ClassVisitor::visitMethod (24 bytes)
Event: 5.243 Thread 0x00000000199d8800 nmethod 2682 0x0000000004114cd0 code [0x0000000004114e40, 0x00000000041150a8]
Event: 5.243 Thread 0x00000000199d8800 2683       3       org.springframework.asm.ClassWriter::visitMethod (20 bytes)
Event: 5.243 Thread 0x00000000199d8800 nmethod 2683 0x0000000004115190 code [0x0000000004115300, 0x0000000004115528]
Event: 5.243 Thread 0x00000000199d8800 2684       3       org.springframework.cglib.core.CodeEmitter::end_method (7 bytes)
Event: 5.244 Thread 0x00000000199d8800 nmethod 2684 0x0000000004115610 code [0x00000000041157a0, 0x0000000004115ba8]
Event: 5.244 Thread 0x00000000199d8800 2685       3       org.springframework.asm.MethodWriter::getSize (838 bytes)

GC Heap History (10 events):
Event: 3.188 GC heap before
{Heap before GC invocations=4 (full 0):
 PSYoungGen      total 38400K, used 38395K [0x00000000d5e00000, 0x00000000da900000, 0x0000000100000000)
  eden space 33280K, 100% used [0x00000000d5e00000,0x00000000d7e80000,0x00000000d7e80000)
  from space 5120K, 99% used [0x00000000d7e80000,0x00000000d837ed18,0x00000000d8380000)
  to   space 5120K, 0% used [0x00000000da400000,0x00000000da400000,0x00000000da900000)
 ParOldGen       total 87552K, used 127K [0x0000000081a00000, 0x0000000086f80000, 0x00000000d5e00000)
  object space 87552K, 0% used [0x0000000081a00000,0x0000000081a1fe48,0x0000000086f80000)
 Metaspace       used 17418K, capacity 17956K, committed 18048K, reserved 1064960K
  class space    used 2292K, capacity 2432K, committed 2432K, reserved 1048576K
Event: 3.201 GC heap after
Heap after GC invocations=4 (full 0):
 PSYoungGen      total 71680K, used 5100K [0x00000000d5e00000, 0x00000000da900000, 0x0000000100000000)
  eden space 66560K, 0% used [0x00000000d5e00000,0x00000000d5e00000,0x00000000d9f00000)
  from space 5120K, 99% used [0x00000000da400000,0x00000000da8fb338,0x00000000da900000)
  to   space 5120K, 0% used [0x00000000d9f00000,0x00000000d9f00000,0x00000000da400000)
 ParOldGen       total 87552K, used 1402K [0x0000000081a00000, 0x0000000086f80000, 0x00000000d5e00000)
  object space 87552K, 1% used [0x0000000081a00000,0x0000000081b5eaa8,0x0000000086f80000)
 Metaspace       used 17418K, capacity 17956K, committed 18048K, reserved 1064960K
  class space    used 2292K, capacity 2432K, committed 2432K, reserved 1048576K
}
Event: 3.545 GC heap before
{Heap before GC invocations=5 (full 0):
 PSYoungGen      total 71680K, used 37798K [0x00000000d5e00000, 0x00000000da900000, 0x0000000100000000)
  eden space 66560K, 49% used [0x00000000d5e00000,0x00000000d7dee798,0x00000000d9f00000)
  from space 5120K, 99% used [0x00000000da400000,0x00000000da8fb338,0x00000000da900000)
  to   space 5120K, 0% used [0x00000000d9f00000,0x00000000d9f00000,0x00000000da400000)
 ParOldGen       total 87552K, used 1402K [0x0000000081a00000, 0x0000000086f80000, 0x00000000d5e00000)
  object space 87552K, 1% used [0x0000000081a00000,0x0000000081b5eaa8,0x0000000086f80000)
 Metaspace       used 20633K, capacity 21258K, committed 21504K, reserved 1069056K
  class space    used 2652K, capacity 2801K, committed 2816K, reserved 1048576K
Event: 3.560 GC heap after
Heap after GC invocations=5 (full 0):
 PSYoungGen      total 71680K, used 5110K [0x00000000d5e00000, 0x00000000df000000, 0x0000000100000000)
  eden space 66560K, 0% used [0x00000000d5e00000,0x00000000d5e00000,0x00000000d9f00000)
  from space 5120K, 99% used [0x00000000d9f00000,0x00000000da3fd9d0,0x00000000da400000)
  to   space 8192K, 0% used [0x00000000de800000,0x00000000de800000,0x00000000df000000)
 ParOldGen       total 87552K, used 3881K [0x0000000081a00000, 0x0000000086f80000, 0x00000000d5e00000)
  object space 87552K, 4% used [0x0000000081a00000,0x0000000081dca7f8,0x0000000086f80000)
 Metaspace       used 20633K, capacity 21258K, committed 21504K, reserved 1069056K
  class space    used 2652K, capacity 2801K, committed 2816K, reserved 1048576K
}
Event: 3.596 GC heap before
{Heap before GC invocations=6 (full 0):
 PSYoungGen      total 71680K, used 9732K [0x00000000d5e00000, 0x00000000df000000, 0x0000000100000000)
  eden space 66560K, 6% used [0x00000000d5e00000,0x00000000d6283a10,0x00000000d9f00000)
  from space 5120K, 99% used [0x00000000d9f00000,0x00000000da3fd9d0,0x00000000da400000)
  to   space 8192K, 0% used [0x00000000de800000,0x00000000de800000,0x00000000df000000)
 ParOldGen       total 87552K, used 3881K [0x0000000081a00000, 0x0000000086f80000, 0x00000000d5e00000)
  object space 87552K, 4% used [0x0000000081a00000,0x0000000081dca7f8,0x0000000086f80000)
 Metaspace       used 20947K, capacity 21504K, committed 21628K, reserved 1069056K
  class space    used 2694K, capacity 2836K, committed 2940K, reserved 1048576K
Event: 3.605 GC heap after
Heap after GC invocations=6 (full 0):
 PSYoungGen      total 141312K, used 5395K [0x00000000d5e00000, 0x00000000df000000, 0x0000000100000000)
  eden space 133120K, 0% used [0x00000000d5e00000,0x00000000d5e00000,0x00000000de000000)
  from space 8192K, 65% used [0x00000000de800000,0x00000000ded44c78,0x00000000df000000)
  to   space 8192K, 0% used [0x00000000de000000,0x00000000de000000,0x00000000de800000)
 ParOldGen       total 87552K, used 3889K [0x0000000081a00000, 0x0000000086f80000, 0x00000000d5e00000)
  object space 87552K, 4% used [0x0000000081a00000,0x0000000081dcc7f8,0x0000000086f80000)
 Metaspace       used 20947K, capacity 21504K, committed 21628K, reserved 1069056K
  class space    used 2694K, capacity 2836K, committed 2940K, reserved 1048576K
}
Event: 3.605 GC heap before
{Heap before GC invocations=7 (full 1):
 PSYoungGen      total 141312K, used 5395K [0x00000000d5e00000, 0x00000000df000000, 0x0000000100000000)
  eden space 133120K, 0% used [0x00000000d5e00000,0x00000000d5e00000,0x00000000de000000)
  from space 8192K, 65% used [0x00000000de800000,0x00000000ded44c78,0x00000000df000000)
  to   space 8192K, 0% used [0x00000000de000000,0x00000000de000000,0x00000000de800000)
 ParOldGen       total 87552K, used 3889K [0x0000000081a00000, 0x0000000086f80000, 0x00000000d5e00000)
  object space 87552K, 4% used [0x0000000081a00000,0x0000000081dcc7f8,0x0000000086f80000)
 Metaspace       used 20947K, capacity 21504K, committed 21628K, reserved 1069056K
  class space    used 2694K, capacity 2836K, committed 2940K, reserved 1048576K
Event: 3.647 GC heap after
Heap after GC invocations=7 (full 1):
 PSYoungGen      total 141312K, used 0K [0x00000000d5e00000, 0x00000000df000000, 0x0000000100000000)
  eden space 133120K, 0% used [0x00000000d5e00000,0x00000000d5e00000,0x00000000de000000)
  from space 8192K, 0% used [0x00000000de800000,0x00000000de800000,0x00000000df000000)
  to   space 8192K, 0% used [0x00000000de000000,0x00000000de000000,0x00000000de800000)
 ParOldGen       total 47104K, used 5784K [0x0000000081a00000, 0x0000000084800000, 0x00000000d5e00000)
  object space 47104K, 12% used [0x0000000081a00000,0x0000000081fa6138,0x0000000084800000)
 Metaspace       used 20947K, capacity 21504K, committed 21628K, reserved 1069056K
  class space    used 2694K, capacity 2836K, committed 2940K, reserved 1048576K
}
Event: 4.969 GC heap before
{Heap before GC invocations=8 (full 1):
 PSYoungGen      total 141312K, used 133120K [0x00000000d5e00000, 0x00000000df000000, 0x0000000100000000)
  eden space 133120K, 100% used [0x00000000d5e00000,0x00000000de000000,0x00000000de000000)
  from space 8192K, 0% used [0x00000000de800000,0x00000000de800000,0x00000000df000000)
  to   space 8192K, 0% used [0x00000000de000000,0x00000000de000000,0x00000000de800000)
 ParOldGen       total 47104K, used 5784K [0x0000000081a00000, 0x0000000084800000, 0x00000000d5e00000)
  object space 47104K, 12% used [0x0000000081a00000,0x0000000081fa6138,0x0000000084800000)
 Metaspace       used 28030K, capacity 29028K, committed 29308K, reserved 1075200K
  class space    used 3672K, capacity 3910K, committed 3964K, reserved 1048576K
Event: 4.988 GC heap after
Heap after GC invocations=8 (full 1):
 PSYoungGen      total 141312K, used 8183K [0x00000000d5e00000, 0x00000000e6000000, 0x0000000100000000)
  eden space 133120K, 0% used [0x00000000d5e00000,0x00000000d5e00000,0x00000000de000000)
  from space 8192K, 99% used [0x00000000de000000,0x00000000de7fde40,0x00000000de800000)
  to   space 11264K, 0% used [0x00000000e5500000,0x00000000e5500000,0x00000000e6000000)
 ParOldGen       total 47104K, used 10249K [0x0000000081a00000, 0x0000000084800000, 0x00000000d5e00000)
  object space 47104K, 21% used [0x0000000081a00000,0x00000000824027a8,0x0000000084800000)
 Metaspace       used 28030K, capacity 29028K, committed 29308K, reserved 1075200K
  class space    used 3672K, capacity 3910K, committed 3964K, reserved 1048576K
}

Deoptimization events (10 events):
Event: 4.166 Thread 0x000000001b828000 Uncommon trap: reason=class_check action=maybe_recompile pc=0x0000000003db3de0 method=java.lang.reflect.Array.newInstance(Ljava/lang/Class;I)Ljava/lang/Object; @ 2
Event: 4.166 Thread 0x000000001b828000 Uncommon trap: reason=class_check action=maybe_recompile pc=0x0000000003db3de0 method=java.lang.reflect.Array.newInstance(Ljava/lang/Class;I)Ljava/lang/Object; @ 2
Event: 4.221 Thread 0x000000001b828000 Uncommon trap: reason=unstable_if action=reinterpret pc=0x0000000003ceee94 method=sun.misc.ASCIICaseInsensitiveComparator.compare(Ljava/lang/String;Ljava/lang/String;)I @ 83
Event: 4.249 Thread 0x000000001b828000 Uncommon trap: reason=predicate action=maybe_recompile pc=0x0000000003b39268 method=java.lang.String.regionMatches(ZILjava/lang/String;II)Z @ 63
Event: 4.506 Thread 0x00000000035c9800 Uncommon trap: reason=predicate action=maybe_recompile pc=0x0000000003fd5d4c method=java.util.AbstractCollection.toArray([Ljava/lang/Object;)[Ljava/lang/Object; @ 49
Event: 4.515 Thread 0x00000000035c9800 Uncommon trap: reason=array_check action=maybe_recompile pc=0x0000000003fd3900 method=java.util.AbstractCollection.toArray([Ljava/lang/Object;)[Ljava/lang/Object; @ 119
Event: 4.515 Thread 0x00000000035c9800 Uncommon trap: reason=array_check action=maybe_recompile pc=0x0000000003fd3900 method=java.util.AbstractCollection.toArray([Ljava/lang/Object;)[Ljava/lang/Object; @ 119
Event: 4.515 Thread 0x00000000035c9800 Uncommon trap: reason=array_check action=maybe_recompile pc=0x0000000003fd3900 method=java.util.AbstractCollection.toArray([Ljava/lang/Object;)[Ljava/lang/Object; @ 119
Event: 4.515 Thread 0x00000000035c9800 Uncommon trap: reason=array_check action=maybe_recompile pc=0x0000000003fd3900 method=java.util.AbstractCollection.toArray([Ljava/lang/Object;)[Ljava/lang/Object; @ 119
Event: 5.173 Thread 0x00000000035c9800 Uncommon trap: reason=unstable_if action=reinterpret pc=0x0000000003f758dc method=java.util.LinkedList.node(I)Ljava/util/LinkedList$Node; @ 49

Internal exceptions (10 events):
Event: 3.097 Thread 0x00000000035c9800 Implicit null exception at 0x0000000003a796d5 to 0x0000000003a798ad
Event: 3.334 Thread 0x00000000035c9800 Exception <a 'java/lang/ClassNotFoundException': java/lang/ObjectCustomizer> (0x00000000d6c2a6b0) thrown at [C:\re\workspace\8-2-build-windows-amd64-cygwin\jdk8u131\8869\hotspot\src\share\vm\classfile\systemDictionary.cpp, line 210]
Event: 3.339 Thread 0x00000000035c9800 Exception <a 'java/lang/ClassNotFoundException': org/springframework/context/annotation/ConfigurationClassPostProcessorCustomizer> (0x00000000d6c5de38) thrown at [C:\re\workspace\8-2-build-windows-amd64-cygwin\jdk8u131\8869\hotspot\src\share\vm\classfile\
Event: 3.348 Thread 0x00000000035c9800 Exception <a 'java/lang/ClassNotFoundException': org/springframework/beans/factory/support/BeanDefinitionRegistryPostProcessorCustomizer> (0x00000000d6cc6cf0) thrown at [C:\re\workspace\8-2-build-windows-amd64-cygwin\jdk8u131\8869\hotspot\src\share\vm\cla
Event: 3.349 Thread 0x00000000035c9800 Exception <a 'java/lang/ClassNotFoundException': org/springframework/core/PriorityOrderedCustomizer> (0x00000000d6ce0a40) thrown at [C:\re\workspace\8-2-build-windows-amd64-cygwin\jdk8u131\8869\hotspot\src\share\vm\classfile\systemDictionary.cpp, line 210
Event: 3.350 Thread 0x00000000035c9800 Exception <a 'java/lang/ClassNotFoundException': org/springframework/context/ResourceLoaderAwareCustomizer> (0x00000000d6e59448) thrown at [C:\re\workspace\8-2-build-windows-amd64-cygwin\jdk8u131\8869\hotspot\src\share\vm\classfile\systemDictionary.cpp, l
Event: 3.351 Thread 0x00000000035c9800 Exception <a 'java/lang/ClassNotFoundException': org/springframework/beans/factory/BeanClassLoaderAwareCustomizer> (0x00000000d6e78378) thrown at [C:\re\workspace\8-2-build-windows-amd64-cygwin\jdk8u131\8869\hotspot\src\share\vm\classfile\systemDictionary
Event: 3.353 Thread 0x00000000035c9800 Exception <a 'java/lang/ClassNotFoundException': org/springframework/context/EnvironmentAwareCustomizer> (0x00000000d6e93ca0) thrown at [C:\re\workspace\8-2-build-windows-amd64-cygwin\jdk8u131\8869\hotspot\src\share\vm\classfile\systemDictionary.cpp, line
Event: 3.831 Thread 0x000000001b828000 Exception <a 'java/lang/IncompatibleClassChangeError': Found class java.lang.Object, but interface was expected> (0x00000000d7401098) thrown at [C:\re\workspace\8-2-build-windows-amd64-cygwin\jdk8u131\8869\hotspot\src\share\vm\interpreter\linkResolver.cpp
Event: 4.779 Thread 0x00000000035c9800 Exception <a 'java/lang/NoSuchMethodError': java.lang.Object.lambda$of$0([Ljava/lang/Object;)Ljava/util/Iterator;> (0x00000000dd541d28) thrown at [C:\re\workspace\8-2-build-windows-amd64-cygwin\jdk8u131\8869\hotspot\src\share\vm\interpreter\linkResolver.c

Events (10 events):
Event: 5.194 loading class com/fasterxml/jackson/dataformat/cbor$CBORFactory
Event: 5.194 loading class com/fasterxml/jackson/dataformat/cbor$CBORFactory done
Event: 5.194 loading class com/google/gson/Gson
Event: 5.194 loading class com/google/gson/Gson done
Event: 5.194 loading class com/google/gson$Gson
Event: 5.194 loading class com/google/gson$Gson done
Event: 5.194 loading class javax/json/bind/Jsonb
Event: 5.194 loading class javax/json/bind/Jsonb done
Event: 5.195 loading class javax/json/bind$Jsonb
Event: 5.195 loading class javax/json/bind$Jsonb done


Dynamic libraries:
0x00007ff77cc10000 - 0x00007ff77cc47000 	C:\Program Files\Java\jdk1.8.0_131\bin\java.exe
0x00007ffaa33d0000 - 0x00007ffaa35b1000 	C:\WINDOWS\SYSTEM32\ntdll.dll
0x00007ffaa32e0000 - 0x00007ffaa3392000 	C:\WINDOWS\System32\KERNEL32.DLL
0x00007ffa9f8a0000 - 0x00007ffa9fb13000 	C:\WINDOWS\System32\KERNELBASE.dll
0x00007ffaa3070000 - 0x00007ffaa3111000 	C:\WINDOWS\System32\ADVAPI32.dll
0x00007ffaa2810000 - 0x00007ffaa28ae000 	C:\WINDOWS\System32\msvcrt.dll
0x00007ffaa3010000 - 0x00007ffaa306b000 	C:\WINDOWS\System32\sechost.dll
0x00007ffaa1e00000 - 0x00007ffaa1f24000 	C:\WINDOWS\System32\RPCRT4.dll
0x00007ffaa24e0000 - 0x00007ffaa2670000 	C:\WINDOWS\System32\USER32.dll
0x00007ffa9f820000 - 0x00007ffa9f840000 	C:\WINDOWS\System32\win32u.dll
0x00007ffaa1d20000 - 0x00007ffaa1d48000 	C:\WINDOWS\System32\GDI32.dll
0x00007ffaa0610000 - 0x00007ffaa07a2000 	C:\WINDOWS\System32\gdi32full.dll
0x00007ffaa0570000 - 0x00007ffaa060f000 	C:\WINDOWS\System32\msvcp_win.dll
0x00007ffa9fb70000 - 0x00007ffa9fc6a000 	C:\WINDOWS\System32\ucrtbase.dll
0x00007ffa90130000 - 0x00007ffa90399000 	C:\WINDOWS\WinSxS\amd64_microsoft.windows.common-controls_6595b64144ccf1df_6.0.17134.112_none_fb3f961b30681c12\COMCTL32.dll
0x00007ffaa1f30000 - 0x00007ffaa2253000 	C:\WINDOWS\System32\combase.dll
0x00007ffa9f7a0000 - 0x00007ffa9f81a000 	C:\WINDOWS\System32\bcryptPrimitives.dll
0x00007ffaa24b0000 - 0x00007ffaa24dd000 	C:\WINDOWS\System32\IMM32.DLL
0x000000005c500000 - 0x000000005c5d2000 	C:\Program Files\Java\jdk1.8.0_131\jre\bin\msvcr100.dll
0x000000005b090000 - 0x000000005b92c000 	C:\Program Files\Java\jdk1.8.0_131\jre\bin\server\jvm.dll
0x00007ffaa3200000 - 0x00007ffaa3208000 	C:\WINDOWS\System32\PSAPI.DLL
0x00007ffa8caf0000 - 0x00007ffa8caf9000 	C:\WINDOWS\SYSTEM32\WSOCK32.dll
0x00007ffaa3270000 - 0x00007ffaa32dc000 	C:\WINDOWS\System32\WS2_32.dll
0x00007ffa9d010000 - 0x00007ffa9d033000 	C:\WINDOWS\SYSTEM32\WINMM.dll
0x00007ffa8d780000 - 0x00007ffa8d78a000 	C:\WINDOWS\SYSTEM32\VERSION.dll
0x00007ffa9cf40000 - 0x00007ffa9cf6a000 	C:\WINDOWS\SYSTEM32\winmmbase.dll
0x00007ffa9fb20000 - 0x00007ffa9fb69000 	C:\WINDOWS\System32\cfgmgr32.dll
0x000000005c4f0000 - 0x000000005c4ff000 	C:\Program Files\Java\jdk1.8.0_131\jre\bin\verify.dll
0x000000005c4c0000 - 0x000000005c4e9000 	C:\Program Files\Java\jdk1.8.0_131\jre\bin\java.dll
0x000000005c470000 - 0x000000005c493000 	C:\Program Files\Java\jdk1.8.0_131\jre\bin\instrument.dll
0x000000005c4a0000 - 0x000000005c4b6000 	C:\Program Files\Java\jdk1.8.0_131\jre\bin\zip.dll
0x00007ffaa0860000 - 0x00007ffaa1ca0000 	C:\WINDOWS\System32\SHELL32.dll
0x00007ffaa1d50000 - 0x00007ffaa1df9000 	C:\WINDOWS\System32\shcore.dll
0x00007ffa9fe60000 - 0x00007ffaa056d000 	C:\WINDOWS\System32\windows.storage.dll
0x00007ffaa3130000 - 0x00007ffaa3181000 	C:\WINDOWS\System32\shlwapi.dll
0x00007ffa9f760000 - 0x00007ffa9f771000 	C:\WINDOWS\System32\kernel.appcore.dll
0x00007ffa9f780000 - 0x00007ffa9f79f000 	C:\WINDOWS\System32\profapi.dll
0x00007ffa9f700000 - 0x00007ffa9f74c000 	C:\WINDOWS\System32\powrprof.dll
0x00007ffa9f750000 - 0x00007ffa9f75a000 	C:\WINDOWS\System32\FLTLIB.DLL
0x00007ffa95600000 - 0x00007ffa9561a000 	C:\Program Files\JetBrains\IntelliJ IDEA Community Edition 2018.1.1\bin\breakgen64.dll
0x000000005c450000 - 0x000000005c46a000 	C:\Program Files\Java\jdk1.8.0_131\jre\bin\net.dll
0x00007ffa9eeb0000 - 0x00007ffa9ef16000 	C:\WINDOWS\system32\mswsock.dll
0x000000005c430000 - 0x000000005c441000 	C:\Program Files\Java\jdk1.8.0_131\jre\bin\nio.dll
0x000000005c370000 - 0x000000005c37d000 	C:\Program Files\Java\jdk1.8.0_131\jre\bin\management.dll
0x00007ffa74a20000 - 0x00007ffa74a36000 	C:\WINDOWS\system32\napinsp.dll
0x00007ffa74a00000 - 0x00007ffa74a1a000 	C:\WINDOWS\system32\pnrpnsp.dll
0x00007ffa9cd70000 - 0x00007ffa9cd89000 	C:\WINDOWS\system32\NLAapi.dll
0x00007ffa9ec80000 - 0x00007ffa9ed3e000 	C:\WINDOWS\SYSTEM32\DNSAPI.dll
0x00007ffaa3190000 - 0x00007ffaa3198000 	C:\WINDOWS\System32\NSI.dll
0x00007ffa9ec40000 - 0x00007ffa9ec78000 	C:\WINDOWS\SYSTEM32\IPHLPAPI.DLL
0x00007ffa749f0000 - 0x00007ffa749fe000 	C:\WINDOWS\System32\winrnr.dll
0x00007ffa97c40000 - 0x00007ffa97c55000 	C:\WINDOWS\System32\wshbth.dll
0x00007ffa919a0000 - 0x00007ffa919aa000 	C:\Windows\System32\rasadhlp.dll
0x00007ffa9af20000 - 0x00007ffa9af92000 	C:\WINDOWS\System32\fwpuclnt.dll
0x00007ffa9f1e0000 - 0x00007ffa9f205000 	C:\WINDOWS\SYSTEM32\bcrypt.dll

VM Arguments:
jvm_args: -ea -Didea.test.cyclic.buffer.size=1048576 -javaagent:C:\Program Files\JetBrains\IntelliJ IDEA Community Edition 2018.1.1\lib\idea_rt.jar=49650:C:\Program Files\JetBrains\IntelliJ IDEA Community Edition 2018.1.1\bin -Dfile.encoding=UTF-8 
java_command: com.intellij.rt.execution.junit.JUnitStarter -ideVersion5 -junit4 com.rgfp.psd.logbook.LogbookApplicationTests
java_class_path (initial): C:\Program Files\JetBrains\IntelliJ IDEA Community Edition 2018.1.1\lib\idea_rt.jar;C:\Program Files\JetBrains\IntelliJ IDEA Community Edition 2018.1.1\plugins\junit\lib\junit-rt.jar;C:\Program Files\JetBrains\IntelliJ IDEA Community Edition 2018.1.1\plugins\junit\lib\junit5-rt.jar;C:\Program Files\Java\jdk1.8.0_131\jre\lib\charsets.jar;C:\Program Files\Java\jdk1.8.0_131\jre\lib\deploy.jar;C:\Program Files\Java\jdk1.8.0_131\jre\lib\ext\access-bridge-64.jar;C:\Program Files\Java\jdk1.8.0_131\jre\lib\ext\cldrdata.jar;C:\Program Files\Java\jdk1.8.0_131\jre\lib\ext\dnsns.jar;C:\Program Files\Java\jdk1.8.0_131\jre\lib\ext\jaccess.jar;C:\Program Files\Java\jdk1.8.0_131\jre\lib\ext\jfxrt.jar;C:\Program Files\Java\jdk1.8.0_131\jre\lib\ext\localedata.jar;C:\Program Files\Java\jdk1.8.0_131\jre\lib\ext\nashorn.jar;C:\Program Files\Java\jdk1.8.0_131\jre\lib\ext\sunec.jar;C:\Program Files\Java\jdk1.8.0_131\jre\lib\ext\sunjce_provider.jar;C:\Program Files\Java\jdk1.8.0_131\jre\lib\ext\sunmscapi.jar;C:\Program Files\Java\jdk1.8.0_131\jre\lib\ext\sunpkcs11.jar;C:\Program Files\Java\jdk1.8.0_131\jre\lib\ext\zipfs.jar;C:\Program Files\Java\jdk1.8.0_131\jre\lib\javaws.jar;C:\Program Files\Java\jdk1.8.0_131\jre\lib\jce.jar;C:\Program Files\Java\jdk1.8.0_131\jre\lib\jfr.jar;C:\Program Files\Java\jdk1.8.0_131\jre\lib\jfxswt.jar;C:\Program Files\Java\jdk1.8.0_131\jre\lib\jsse.jar;C:\Program Files\Java\jdk1.8.0_131\jre\lib\management-agent.jar;C:\Program Files\Java\jdk1.8.0_131\jre\lib\plugin.jar;C:\Program Files\Java\jdk1.8.0_131\jre\lib\resources.jar;C:\Program Files\Java\jdk1.8.0_131\jre\lib\rt.jar;C:\Capacitacion\logbook-app\out\test\classes;C:\Capacitacion\logbook-app\out\production\classes;C:\Capacitacion\logbook-app\out\production\resources;C:\Users\Victor\.gradle\caches\modules-2\files-2.1\org.springframework.boot\spring-boot-starter-data-jpa\2.0.1.RELEASE\b7c701f60073e2d2b8a8f5502dcc39d4f65f45ff\spring-boot-starter-data-jpa-2.0.1.RELEASE.jar;C:\Users\V
Launcher Type: SUN_STANDARD

Environment Variables:
JAVA_HOME=C:\Program Files\Java\jdk1.7.0_76
PATH=C:\Ruby25-x64\bin;C:\Program Files\Docker\Docker\Resources\bin;C:\app\Victor\product\11.2.0\client_2;C:\app\Victor\product\11.2.0\client_1;C:\Program Files (x86)\Intel\iCLS Client\;C:\ProgramData\Oracle\Java\javapath;C:\Program Files\Intel\iCLS Client\;C:\WINDOWS\system32;C:\WINDOWS;C:\WINDOWS\System32\Wbem;C:\WINDOWS\System32\WindowsPowerShell\v1.0\;C:\xampp\php;C:\Program Files\Intel\WiFi\bin\;C:\Program Files\Common Files\Intel\WirelessCommon\;C:\ProgramData\chocolatey\bin;C:\Program Files (x86)\Microsoft SQL Server\100\Tools\Binn\;C:\Program Files\Microsoft SQL Server\100\Tools\Binn\;C:\Program Files\Microsoft SQL Server\100\DTS\Binn\;C:\Program Files (x86)\Microsoft SQL Server\100\Tools\Binn\VSShell\Common7\IDE\;C:\Program Files (x86)\Microsoft SQL Server\100\DTS\Binn\;C:\Program Files (x86)\Microsoft Visual Studio 9.0\Common7\IDE\PrivateAssemblies\;C:\Program Files\Microsoft SQL Server\Client SDK\ODBC\130\Tools\Binn\;C:\Program Files (x86)\Microsoft SQL Server\140\Tools\Binn\;C:\Program Files\Microsoft SQL Server\140\Tools\Binn\;C:\Program Files\Microsoft SQL Server\140\DTS\Binn\;C:\Program Files (x86)\Intel\Intel(R) Management Engine Components\DAL;C:\Program Files\Intel\Intel(R) Management Engine Components\DAL;C:\Program Files (x86)\Intel\Intel(R) Management Engine Components\IPT;C:\Program Files\Intel\Intel(R) Management Engine Components\IPT;C:\orant\BIN;C:\Program Files\TortoiseSVN\bin;C:\ProgramData\Oracle\Java;C:\WINDOWS\System32\OpenSSH\;C:\Program Files\Git\cmd;C:\Program Files\Git\mingw64\bin;C:\Program Files\Git\usr\bin;C:\Users\Victor\AppData\Local\Microsoft\WindowsApps;C:\android-sdk\tools;C:\android-sdk\platform-tools;C:\Program Files\sonarqube-7.2\bin;C:\sonar-scanner-3.2.0.1227-windows\bin;
USERNAME=Victor
OS=Windows_NT
PROCESSOR_IDENTIFIER=Intel64 Family 6 Model 78 Stepping 3, GenuineIntel



---------------  S Y S T E M  ---------------

OS: Windows 10.0 , 64 bit Build 17134 (10.0.17134.1)

CPU:total 4 (initial active 4) (2 cores per cpu, 2 threads per core) family 6 model 78 stepping 3, cmov, cx8, fxsr, mmx, sse, sse2, sse3, ssse3, sse4.1, sse4.2, popcnt, avx, avx2, aes, clmul, erms, 3dnowpref, lzcnt, ht, tsc, tscinvbit, bmi1, bmi2, adx

Memory: 4k page, physical 8276388k(1067804k free), swap 12470692k(3124k free)

vm_info: Java HotSpot(TM) 64-Bit Server VM (25.131-b11) for windows-amd64 JRE (1.8.0_131-b11), built on Mar 15 2017 01:23:53 by "java_re" with MS VC++ 10.0 (VS2010)

time: Tue Jun 26 12:20:20 2018
elapsed time: 5 seconds (0d 0h 0m 5s)

