#
# There is insufficient memory for the Java Runtime Environment to continue.
# Native memory allocation (malloc) failed to allocate 65552 bytes for Chunk::new
# Possible reasons:
#   The system is out of physical RAM or swap space
#   In 32 bit mode, the process size limit was hit
# Possible solutions:
#   Reduce memory load on the system
#   Increase physical memory or swap space
#   Check if swap backing store is full
#   Use 64 bit Java on a 64 bit OS
#   Decrease Java heap size (-Xmx/-Xms)
#   Decrease number of Java threads
#   Decrease Java thread stack sizes (-Xss)
#   Set larger code cache with -XX:ReservedCodeCacheSize=
# This output file may be truncated or incomplete.
#
#  Out of Memory Error (allocation.cpp:390), pid=18208, tid=0x0000000000005f40
#
# JRE version: Java(TM) SE Runtime Environment (8.0_131-b11) (build 1.8.0_131-b11)
# Java VM: Java HotSpot(TM) 64-Bit Server VM (25.131-b11 mixed mode windows-amd64 compressed oops)
# Failed to write core dump. Minidumps are not enabled by default on client versions of Windows
#

---------------  T H R E A D  ---------------

Current thread (0x0000000014e6f000):  JavaThread "C2 CompilerThread0" daemon [_thread_in_native, id=24384, stack(0x00000000164d0000,0x00000000165d0000)]

Stack: [0x00000000164d0000,0x00000000165d0000]
[error occurred during error reporting (printing stack bounds), id 0xc0000005]

Native frames: (J=compiled Java code, j=interpreted, Vv=VM code, C=native code)


Current CompileTask:
C2:6239631 11482   !   4       java.lang.Class::getEnumConstantsShared (73 bytes)


---------------  P R O C E S S  ---------------

Java Threads: ( => current thread )
  0x000000001ab39000 JavaThread "/127.0.0.1:65346 to /127.0.0.1:65350 workers Thread 4" [_thread_in_native, id=25148, stack(0x0000000025860000,0x0000000025960000)]
  0x000000001ab36000 JavaThread "/127.0.0.1:65346 to /127.0.0.1:65350 workers Thread 3" [_thread_blocked, id=18676, stack(0x0000000025760000,0x0000000025860000)]
  0x000000001ab2e800 JavaThread "/127.0.0.1:65346 to /127.0.0.1:65350 workers Thread 2" [_thread_blocked, id=18416, stack(0x0000000025660000,0x0000000025760000)]
  0x000000001ab34800 JavaThread "/127.0.0.1:65346 to /127.0.0.1:65350 workers" [_thread_blocked, id=10304, stack(0x0000000025560000,0x0000000025660000)]
  0x000000001ab34000 JavaThread "Exec process Thread 11" [_thread_in_native, id=24756, stack(0x0000000025460000,0x0000000025560000)]
  0x000000001ab35800 JavaThread "Exec process Thread 10" [_thread_in_native, id=26884, stack(0x0000000025360000,0x0000000025460000)]
  0x000000001ab2c800 JavaThread "Exec process Thread 9" [_thread_blocked, id=22308, stack(0x0000000025260000,0x0000000025360000)]
  0x000000001ab31800 JavaThread "Exec process Thread 8" [_thread_in_native, id=26876, stack(0x0000000025060000,0x0000000025160000)]
  0x000000001ab31000 JavaThread "Incoming local TCP Connector on port 65346" [_thread_blocked, id=25712, stack(0x0000000024f60000,0x0000000025060000)]
  0x000000001ab33000 JavaThread "Dispatch org.gradle.api.internal.tasks.testing.processors.RestartEveryNTestClassProcessor@3fd53dc" [_thread_blocked, id=24512, stack(0x0000000024e60000,0x0000000024f60000)]
  0x000000001ab32800 JavaThread "Dispatch org.gradle.api.internal.tasks.testing.results.AttachParentTestResultProcessor@4f43e3dd" [_thread_blocked, id=27576, stack(0x0000000024d60000,0x0000000024e60000)]
  0x000000001dd03000 JavaThread "Task worker for ':' Thread 3" [_thread_blocked, id=18056, stack(0x0000000024c60000,0x0000000024d60000)]
  0x000000001dd02800 JavaThread "Task worker for ':' Thread 2" [_thread_blocked, id=16280, stack(0x0000000024b60000,0x0000000024c60000)]
  0x000000001dd00000 JavaThread "Task worker for ':'" [_thread_blocked, id=10752, stack(0x0000000024a60000,0x0000000024b60000)]
  0x000000001dcff800 JavaThread "Cache worker for Build Output Cleanup Cache (C:\Capacitacion\logbook-app\.gradle\buildOutputCleanup)" [_thread_blocked, id=1616, stack(0x0000000024960000,0x0000000024a60000)]
  0x000000001dd01800 JavaThread "Cache worker for task history cache (C:\Capacitacion\logbook-app\.gradle\4.5.1\taskHistory)" [_thread_blocked, id=26680, stack(0x0000000024860000,0x0000000024960000)]
  0x000000001dd01000 JavaThread "Cache worker for file content cache (C:\Capacitacion\logbook-app\.gradle\4.5.1\fileContent)" [_thread_blocked, id=23140, stack(0x0000000024760000,0x0000000024860000)]
  0x000000001dcfe800 JavaThread "Build operations Thread 4" [_thread_blocked, id=27380, stack(0x0000000024660000,0x0000000024760000)]
  0x000000001dcf7800 JavaThread "Build operations Thread 3" [_thread_blocked, id=26056, stack(0x0000000024560000,0x0000000024660000)]
  0x000000001dcfd000 JavaThread "Build operations Thread 2" [_thread_blocked, id=25656, stack(0x0000000024460000,0x0000000024560000)]
  0x000000001dcfd800 JavaThread "Build operations" [_thread_blocked, id=24796, stack(0x0000000024360000,0x0000000024460000)]
  0x000000001dcfb800 JavaThread "Cache worker for Artifact transforms cache (C:\Users\Victor\.gradle\caches\transforms-1)" [_thread_blocked, id=26576, stack(0x0000000024260000,0x0000000024360000)]
  0x000000001dcfc000 JavaThread "Cache worker for file hash cache (C:\Capacitacion\logbook-app\.gradle\4.5.1\fileHashes)" [_thread_blocked, id=26720, stack(0x0000000024160000,0x0000000024260000)]
  0x000000001dcf7000 JavaThread "Stdin handler" [_thread_blocked, id=26688, stack(0x0000000024060000,0x0000000024160000)]
  0x000000001dcf5800 JavaThread "Asynchronous log dispatcher for DefaultDaemonConnection: socket connection from /127.0.0.1:56475 to /127.0.0.1:65336" [_thread_blocked, id=18284, stack(0x0000000023f60000,0x0000000024060000)]
  0x000000001dcf4000 JavaThread "Daemon worker Thread 3" [_thread_blocked, id=14776, stack(0x0000000023e60000,0x0000000023f60000)]
  0x000000001dcf6000 JavaThread "Cancel handler" [_thread_blocked, id=17952, stack(0x0000000023d60000,0x0000000023e60000)]
  0x000000001dcf8800 JavaThread "Handler for socket connection from /127.0.0.1:56475 to /127.0.0.1:65336" [_thread_in_native, id=27396, stack(0x0000000023c60000,0x0000000023d60000)]
  0x000000001dcf9000 JavaThread "Daemon Thread 3" [_thread_blocked, id=27312, stack(0x0000000023b60000,0x0000000023c60000)]
  0x000000001ab2b800 JavaThread "Memory manager" [_thread_blocked, id=16964, stack(0x000000001fdc0000,0x000000001fec0000)]
  0x00000000180a4800 JavaThread "File lock request listener" [_thread_in_native, id=19684, stack(0x0000000019a40000,0x0000000019b40000)]
  0x00000000180a1800 JavaThread "Cache worker for file hash cache (C:\Users\Victor\.gradle\caches\4.5.1\fileHashes)" [_thread_blocked, id=9356, stack(0x0000000019940000,0x0000000019a40000)]
  0x0000000017cf0000 JavaThread "Daemon periodic checks" [_thread_blocked, id=25052, stack(0x0000000018e40000,0x0000000018f40000)]
  0x0000000017ceb800 JavaThread "Incoming local TCP Connector on port 56475" [_thread_in_native, id=3308, stack(0x0000000018be0000,0x0000000018ce0000)]
  0x0000000017b1f000 JavaThread "Daemon health stats" [_thread_blocked, id=22476, stack(0x00000000185a0000,0x00000000186a0000)]
  0x00000000167fb000 JavaThread "Service Thread" daemon [_thread_blocked, id=16328, stack(0x0000000016bd0000,0x0000000016cd0000)]
  0x0000000014e7a800 JavaThread "C1 CompilerThread2" daemon [_thread_blocked, id=24600, stack(0x00000000166d0000,0x00000000167d0000)]
  0x0000000014e75800 JavaThread "C2 CompilerThread1" daemon [_thread_blocked, id=24568, stack(0x00000000165d0000,0x00000000166d0000)]
=>0x0000000014e6f000 JavaThread "C2 CompilerThread0" daemon [_thread_in_native, id=24384, stack(0x00000000164d0000,0x00000000165d0000)]
  0x0000000014e6d800 JavaThread "Attach Listener" daemon [_thread_blocked, id=11728, stack(0x00000000163d0000,0x00000000164d0000)]
  0x0000000014e6c000 JavaThread "Signal Dispatcher" daemon [_thread_blocked, id=20716, stack(0x00000000162d0000,0x00000000163d0000)]
  0x0000000014e5a800 JavaThread "Finalizer" daemon [_thread_blocked, id=13340, stack(0x00000000160c0000,0x00000000161c0000)]
  0x0000000014e38800 JavaThread "Reference Handler" daemon [_thread_blocked, id=23576, stack(0x0000000015fc0000,0x00000000160c0000)]
  0x000000000269e000 JavaThread "main" [_thread_blocked, id=15884, stack(0x00000000024a0000,0x00000000025a0000)]

Other Threads:
  0x0000000014e38000 VMThread [stack: 0x0000000015ec0000,0x0000000015fc0000] [id=10180]
  0x000000001682f000 WatcherThread [stack: 0x0000000016cd0000,0x0000000016dd0000] [id=24052]

VM state:not at safepoint (normal execution)

VM Mutex/Monitor currently owned by a thread: None

Heap:
 PSYoungGen      total 302080K, used 207577K [0x00000000eab00000, 0x0000000100000000, 0x0000000100000000)
  eden space 282624K, 66% used [0x00000000eab00000,0x00000000f631fd40,0x00000000fbf00000)
  from space 19456K, 97% used [0x00000000fbf00000,0x00000000fd196a68,0x00000000fd200000)
  to   space 33792K, 0% used [0x00000000fdf00000,0x00000000fdf00000,0x0000000100000000)
 ParOldGen       total 95744K, used 61221K [0x00000000c0000000, 0x00000000c5d80000, 0x00000000eab00000)
  object space 95744K, 63% used [0x00000000c0000000,0x00000000c3bc9760,0x00000000c5d80000)
 Metaspace       used 57015K, capacity 58432K, committed 58664K, reserved 1099776K
  class space    used 7560K, capacity 7965K, committed 7984K, reserved 1048576K

Card table byte_map: [0x0000000011b60000,0x0000000011d70000] byte_map_base: 0x0000000011560000

Marking Bits: (ParMarkBitMap*) 0x000000005b8ac720
 Begin Bits: [0x00000000122d0000, 0x00000000132d0000)
 End Bits:   [0x00000000132d0000, 0x00000000142d0000)

Polling page: 0x0000000002410000

CodeCache: size=245760Kb used=32342Kb max_used=32518Kb free=213417Kb
 bounds [0x00000000027a0000, 0x0000000004790000, 0x00000000117a0000]
 total_blobs=10216 nmethods=9420 adapters=706
 compilation: enabled

Compilation events (10 events):
Event: 6239.582 Thread 0x0000000014e7a800 11488       3       sun.nio.ch.WindowsSelectorImpl$FinishLock::checkForException (51 bytes)
Event: 6239.583 Thread 0x0000000014e7a800 nmethod 11488 0x0000000004722710 code [0x0000000004722980, 0x0000000004723da8]
Event: 6239.583 Thread 0x0000000014e7a800 11489       3       sun.nio.ch.WindowsSelectorImpl::updateSelectedKeys (74 bytes)
Event: 6239.584 Thread 0x0000000014e7a800 nmethod 11489 0x0000000003af2dd0 code [0x0000000003af2fa0, 0x0000000003af36a8]
Event: 6239.584 Thread 0x0000000014e7a800 11490   !   3       sun.nio.ch.WindowsSelectorImpl::resetWakeupSocket (41 bytes)
Event: 6239.584 Thread 0x0000000014e7a800 nmethod 11490 0x00000000043a9990 code [0x00000000043a9b00, 0x00000000043a9ee8]
Event: 6239.584 Thread 0x0000000014e7a800 11491   !   3       sun.nio.ch.SelectorImpl::lockAndDoSelect (72 bytes)
Event: 6239.584 Thread 0x0000000014e7a800 nmethod 11491 0x00000000032c2350 code [0x00000000032c2520, 0x00000000032c2f58]
Event: 6239.593 Thread 0x0000000014e7a800 11492       3       java.util.concurrent.locks.AbstractQueuedSynchronizer::unparkSuccessor (84 bytes)
Event: 6239.594 Thread 0x0000000014e7a800 nmethod 11492 0x0000000003af2450 code [0x0000000003af25e0, 0x0000000003af2b28]

GC Heap History (10 events):
Event: 6085.049 GC heap before
{Heap before GC invocations=21 (full 2):
 PSYoungGen      total 229888K, used 229859K [0x00000000eab00000, 0x00000000faa00000, 0x0000000100000000)
  eden space 217600K, 100% used [0x00000000eab00000,0x00000000f7f80000,0x00000000f7f80000)
  from space 12288K, 99% used [0x00000000f9180000,0x00000000f9d78dd0,0x00000000f9d80000)
  to   space 18432K, 0% used [0x00000000f7f80000,0x00000000f7f80000,0x00000000f9180000)
 ParOldGen       total 95744K, used 36410K [0x00000000c0000000, 0x00000000c5d80000, 0x00000000eab00000)
  object space 95744K, 38% used [0x00000000c0000000,0x00000000c238e960,0x00000000c5d80000)
 Metaspace       used 48814K, capacity 50046K, committed 50344K, reserved 1093632K
  class space    used 6666K, capacity 7032K, committed 7088K, reserved 1048576K
Event: 6085.105 GC heap after
Heap after GC invocations=21 (full 2):
 PSYoungGen      total 236032K, used 18423K [0x00000000eab00000, 0x00000000fcc80000, 0x0000000100000000)
  eden space 217600K, 0% used [0x00000000eab00000,0x00000000eab00000,0x00000000f7f80000)
  from space 18432K, 99% used [0x00000000f7f80000,0x00000000f917df48,0x00000000f9180000)
  to   space 22016K, 0% used [0x00000000fb700000,0x00000000fb700000,0x00000000fcc80000)
 ParOldGen       total 95744K, used 39167K [0x00000000c0000000, 0x00000000c5d80000, 0x00000000eab00000)
  object space 95744K, 40% used [0x00000000c0000000,0x00000000c263ff60,0x00000000c5d80000)
 Metaspace       used 48814K, capacity 50046K, committed 50344K, reserved 1093632K
  class space    used 6666K, capacity 7032K, committed 7088K, reserved 1048576K
}
Event: 6088.487 GC heap before
{Heap before GC invocations=22 (full 2):
 PSYoungGen      total 236032K, used 236023K [0x00000000eab00000, 0x00000000fcc80000, 0x0000000100000000)
  eden space 217600K, 100% used [0x00000000eab00000,0x00000000f7f80000,0x00000000f7f80000)
  from space 18432K, 99% used [0x00000000f7f80000,0x00000000f917df48,0x00000000f9180000)
  to   space 22016K, 0% used [0x00000000fb700000,0x00000000fb700000,0x00000000fcc80000)
 ParOldGen       total 95744K, used 39167K [0x00000000c0000000, 0x00000000c5d80000, 0x00000000eab00000)
  object space 95744K, 40% used [0x00000000c0000000,0x00000000c263ff60,0x00000000c5d80000)
 Metaspace       used 49493K, capacity 50736K, committed 50856K, reserved 1093632K
  class space    used 6683K, capacity 7067K, committed 7088K, reserved 1048576K
Event: 6088.516 GC heap after
Heap after GC invocations=22 (full 2):
 PSYoungGen      total 271360K, used 20478K [0x00000000eab00000, 0x00000000fd100000, 0x0000000100000000)
  eden space 249344K, 0% used [0x00000000eab00000,0x00000000eab00000,0x00000000f9e80000)
  from space 22016K, 93% used [0x00000000fb700000,0x00000000fcaffa68,0x00000000fcc80000)
  to   space 25088K, 0% used [0x00000000f9e80000,0x00000000f9e80000,0x00000000fb700000)
 ParOldGen       total 95744K, used 39199K [0x00000000c0000000, 0x00000000c5d80000, 0x00000000eab00000)
  object space 95744K, 40% used [0x00000000c0000000,0x00000000c2647f60,0x00000000c5d80000)
 Metaspace       used 49493K, capacity 50736K, committed 50856K, reserved 1093632K
  class space    used 6683K, capacity 7067K, committed 7088K, reserved 1048576K
}
Event: 6089.517 GC heap before
{Heap before GC invocations=23 (full 2):
 PSYoungGen      total 271360K, used 269822K [0x00000000eab00000, 0x00000000fd100000, 0x0000000100000000)
  eden space 249344K, 100% used [0x00000000eab00000,0x00000000f9e80000,0x00000000f9e80000)
  from space 22016K, 93% used [0x00000000fb700000,0x00000000fcaffa68,0x00000000fcc80000)
  to   space 25088K, 0% used [0x00000000f9e80000,0x00000000f9e80000,0x00000000fb700000)
 ParOldGen       total 95744K, used 39199K [0x00000000c0000000, 0x00000000c5d80000, 0x00000000eab00000)
  object space 95744K, 40% used [0x00000000c0000000,0x00000000c2647f60,0x00000000c5d80000)
 Metaspace       used 49508K, capacity 50736K, committed 50856K, reserved 1093632K
  class space    used 6683K, capacity 7067K, committed 7088K, reserved 1048576K
Event: 6089.559 GC heap after
Heap after GC invocations=23 (full 2):
 PSYoungGen      total 274432K, used 19431K [0x00000000eab00000, 0x0000000100000000, 0x0000000100000000)
  eden space 249344K, 0% used [0x00000000eab00000,0x00000000eab00000,0x00000000f9e80000)
  from space 25088K, 77% used [0x00000000f9e80000,0x00000000fb179f38,0x00000000fb700000)
  to   space 26624K, 0% used [0x00000000fe600000,0x00000000fe600000,0x0000000100000000)
 ParOldGen       total 95744K, used 39207K [0x00000000c0000000, 0x00000000c5d80000, 0x00000000eab00000)
  object space 95744K, 40% used [0x00000000c0000000,0x00000000c2649f60,0x00000000c5d80000)
 Metaspace       used 49508K, capacity 50736K, committed 50856K, reserved 1093632K
  class space    used 6683K, capacity 7067K, committed 7088K, reserved 1048576K
}
Event: 6098.151 GC heap before
{Heap before GC invocations=24 (full 2):
 PSYoungGen      total 274432K, used 268775K [0x00000000eab00000, 0x0000000100000000, 0x0000000100000000)
  eden space 249344K, 100% used [0x00000000eab00000,0x00000000f9e80000,0x00000000f9e80000)
  from space 25088K, 77% used [0x00000000f9e80000,0x00000000fb179f38,0x00000000fb700000)
  to   space 26624K, 0% used [0x00000000fe600000,0x00000000fe600000,0x0000000100000000)
 ParOldGen       total 95744K, used 39207K [0x00000000c0000000, 0x00000000c5d80000, 0x00000000eab00000)
  object space 95744K, 40% used [0x00000000c0000000,0x00000000c2649f60,0x00000000c5d80000)
 Metaspace       used 55429K, capacity 56664K, committed 57000K, reserved 1097728K
  class space    used 7372K, capacity 7751K, committed 7856K, reserved 1048576K
Event: 6098.195 GC heap after
Heap after GC invocations=24 (full 2):
 PSYoungGen      total 309248K, used 26623K [0x00000000eab00000, 0x0000000100000000, 0x0000000100000000)
  eden space 282624K, 0% used [0x00000000eab00000,0x00000000eab00000,0x00000000fbf00000)
  from space 26624K, 99% used [0x00000000fe600000,0x00000000fffffda8,0x0000000100000000)
  to   space 33280K, 0% used [0x00000000fbf00000,0x00000000fbf00000,0x00000000fdf80000)
 ParOldGen       total 95744K, used 46202K [0x00000000c0000000, 0x00000000c5d80000, 0x00000000eab00000)
  object space 95744K, 48% used [0x00000000c0000000,0x00000000c2d1e8b8,0x00000000c5d80000)
 Metaspace       used 55429K, capacity 56664K, committed 57000K, reserved 1097728K
  class space    used 7372K, capacity 7751K, committed 7856K, reserved 1048576K
}
Event: 6228.716 GC heap before
{Heap before GC invocations=25 (full 2):
 PSYoungGen      total 309248K, used 309247K [0x00000000eab00000, 0x0000000100000000, 0x0000000100000000)
  eden space 282624K, 100% used [0x00000000eab00000,0x00000000fbf00000,0x00000000fbf00000)
  from space 26624K, 99% used [0x00000000fe600000,0x00000000fffffda8,0x0000000100000000)
  to   space 33280K, 0% used [0x00000000fbf00000,0x00000000fbf00000,0x00000000fdf80000)
 ParOldGen       total 95744K, used 46202K [0x00000000c0000000, 0x00000000c5d80000, 0x00000000eab00000)
  object space 95744K, 48% used [0x00000000c0000000,0x00000000c2d1e8b8,0x00000000c5d80000)
 Metaspace       used 56904K, capacity 58280K, committed 58408K, reserved 1099776K
  class space    used 7558K, capacity 7961K, committed 7984K, reserved 1048576K
Event: 6228.747 GC heap after
Heap after GC invocations=25 (full 2):
 PSYoungGen      total 302080K, used 19034K [0x00000000eab00000, 0x0000000100000000, 0x0000000100000000)
  eden space 282624K, 0% used [0x00000000eab00000,0x00000000eab00000,0x00000000fbf00000)
  from space 19456K, 97% used [0x00000000fbf00000,0x00000000fd196a68,0x00000000fd200000)
  to   space 33792K, 0% used [0x00000000fdf00000,0x00000000fdf00000,0x0000000100000000)
 ParOldGen       total 95744K, used 61221K [0x00000000c0000000, 0x00000000c5d80000, 0x00000000eab00000)
  object space 95744K, 63% used [0x00000000c0000000,0x00000000c3bc9760,0x00000000c5d80000)
 Metaspace       used 56904K, capacity 58280K, committed 58408K, reserved 1099776K
  class space    used 7558K, capacity 7961K, committed 7984K, reserved 1048576K
}

Deoptimization events (10 events):
Event: 6229.434 Thread 0x000000001dd00000 Uncommon trap: reason=class_check action=maybe_recompile pc=0x00000000045a504c method=com.google.common.collect.AbstractMapBasedMultimap$Itr.hasNext()Z @ 16
Event: 6229.481 Thread 0x000000001dd00000 Uncommon trap: reason=speculate_class_check action=maybe_recompile pc=0x000000000458fdfc method=org.gradle.api.internal.changedetection.state.AbstractNormalizedFileSnapshot.compareTo(Lorg/gradle/api/internal/changedetection/state/NormalizedFileSnapshot;)I
Event: 6229.481 Thread 0x000000001dd00000 Uncommon trap: reason=class_check action=maybe_recompile pc=0x000000000458fe28 method=org.gradle.api.internal.changedetection.state.AbstractNormalizedFileSnapshot.compareTo(Ljava/lang/Object;)I @ 2
Event: 6229.481 Thread 0x000000001dd00000 Uncommon trap: reason=class_check action=maybe_recompile pc=0x000000000458c890 method=org.gradle.api.internal.changedetection.state.AbstractNormalizedFileSnapshot.compareTo(Lorg/gradle/api/internal/changedetection/state/NormalizedFileSnapshot;)I @ 5
Event: 6229.481 Thread 0x000000001dd00000 Uncommon trap: reason=class_check action=maybe_recompile pc=0x000000000458fe28 method=org.gradle.api.internal.changedetection.state.AbstractNormalizedFileSnapshot.compareTo(Ljava/lang/Object;)I @ 2
Event: 6229.481 Thread 0x000000001dd00000 Uncommon trap: reason=class_check action=maybe_recompile pc=0x000000000458c890 method=org.gradle.api.internal.changedetection.state.AbstractNormalizedFileSnapshot.compareTo(Lorg/gradle/api/internal/changedetection/state/NormalizedFileSnapshot;)I @ 5
Event: 6229.481 Thread 0x000000001dd00000 Uncommon trap: reason=speculate_class_check action=maybe_recompile pc=0x000000000458fdfc method=org.gradle.api.internal.changedetection.state.AbstractNormalizedFileSnapshot.compareTo(Lorg/gradle/api/internal/changedetection/state/NormalizedFileSnapshot;)I
Event: 6229.481 Thread 0x000000001dd00000 Uncommon trap: reason=speculate_class_check action=maybe_recompile pc=0x000000000458fdfc method=org.gradle.api.internal.changedetection.state.AbstractNormalizedFileSnapshot.compareTo(Lorg/gradle/api/internal/changedetection/state/NormalizedFileSnapshot;)I
Event: 6229.482 Thread 0x000000001dd00000 Uncommon trap: reason=class_check action=maybe_recompile pc=0x000000000458fe28 method=org.gradle.api.internal.changedetection.state.AbstractNormalizedFileSnapshot.compareTo(Ljava/lang/Object;)I @ 2
Event: 6229.482 Thread 0x000000001dd00000 Uncommon trap: reason=class_check action=maybe_recompile pc=0x000000000458c878 method=org.gradle.api.internal.changedetection.state.AbstractNormalizedFileSnapshot.compareTo(Lorg/gradle/api/internal/changedetection/state/NormalizedFileSnapshot;)I @ 1

Internal exceptions (10 events):
Event: 6116.113 Thread 0x000000001ab32800 Exception <a 'java/lang/NoSuchMethodError': <clinit>> (0x00000000f3a54bb0) thrown at [C:\re\workspace\8-2-build-windows-amd64-cygwin\jdk8u131\8869\hotspot\src\share\vm\prims\jni.cpp, line 1613]
Event: 6116.114 Thread 0x000000001ab32800 Exception <a 'java/lang/NoSuchMethodError': <clinit>> (0x00000000f3a5a628) thrown at [C:\re\workspace\8-2-build-windows-amd64-cygwin\jdk8u131\8869\hotspot\src\share\vm\prims\jni.cpp, line 1613]
Event: 6116.115 Thread 0x000000001ab32800 Exception <a 'java/lang/NoSuchMethodError': <clinit>> (0x00000000f3a6d890) thrown at [C:\re\workspace\8-2-build-windows-amd64-cygwin\jdk8u131\8869\hotspot\src\share\vm\prims\jni.cpp, line 1613]
Event: 6116.138 Thread 0x000000001ab2e800 Exception <a 'java/lang/NoSuchMethodError': <clinit>> (0x00000000f3b2a188) thrown at [C:\re\workspace\8-2-build-windows-amd64-cygwin\jdk8u131\8869\hotspot\src\share\vm\prims\jni.cpp, line 1613]
Event: 6116.140 Thread 0x000000001ab32800 Implicit null exception at 0x000000000454d13e to 0x000000000454f369
Event: 6116.163 Thread 0x000000001ab32800 Implicit null exception at 0x00000000032381d9 to 0x000000000323867d
Event: 6227.502 Thread 0x000000001dcf4000 Implicit null exception at 0x00000000029272e3 to 0x0000000002927939
Event: 6227.601 Thread 0x000000001dcf4000 Implicit null exception at 0x0000000003ca2c83 to 0x0000000003ca31ed
Event: 6228.891 Thread 0x000000001dd00000 Implicit null exception at 0x00000000042e4e62 to 0x00000000042e6e1d
Event: 6228.996 Thread 0x000000001dd00000 Implicit null exception at 0x00000000036cbcc1 to 0x00000000036cdb95

Events (10 events):
Event: 6239.579 Thread 0x0000000014e7a800 flushing nmethod 0x00000000043a97d0
Event: 6239.580 Thread 0x0000000014e7a800 flushing nmethod 0x00000000045355d0
Event: 6239.581 Thread 0x0000000014e7a800 flushing nmethod 0x000000000471dcd0
Event: 6239.581 Thread 0x0000000014e7a800 flushing nmethod 0x0000000004722210
Event: 6239.581 Thread 0x0000000014e7a800 flushing nmethod 0x0000000004722c50
Event: 6239.581 Thread 0x0000000014e7a800 flushing nmethod 0x000000000472e290
Event: 6239.581 Thread 0x0000000014e7a800 flushing nmethod 0x0000000004734b10
Event: 6239.581 Thread 0x0000000014e7a800 flushing nmethod 0x000000000473aa10
Event: 6239.581 Thread 0x0000000014e7a800 flushing nmethod 0x0000000004748e50
Event: 6239.581 Thread 0x0000000014e7a800 flushing nmethod 0x000000000474aa50


Dynamic libraries:
0x00007ff77cc10000 - 0x00007ff77cc47000 	C:\Program Files\Java\jdk1.8.0_131\bin\java.exe
0x00007ffaa33d0000 - 0x00007ffaa35b1000 	C:\WINDOWS\SYSTEM32\ntdll.dll
0x00007ffaa32e0000 - 0x00007ffaa3392000 	C:\WINDOWS\System32\KERNEL32.DLL
0x00007ffa9f8a0000 - 0x00007ffa9fb13000 	C:\WINDOWS\System32\KERNELBASE.dll
0x00007ffaa3070000 - 0x00007ffaa3111000 	C:\WINDOWS\System32\ADVAPI32.dll
0x00007ffaa2810000 - 0x00007ffaa28ae000 	C:\WINDOWS\System32\msvcrt.dll
0x00007ffaa3010000 - 0x00007ffaa306b000 	C:\WINDOWS\System32\sechost.dll
0x00007ffaa1e00000 - 0x00007ffaa1f24000 	C:\WINDOWS\System32\RPCRT4.dll
0x00007ffaa24e0000 - 0x00007ffaa2670000 	C:\WINDOWS\System32\USER32.dll
0x00007ffa9f820000 - 0x00007ffa9f840000 	C:\WINDOWS\System32\win32u.dll
0x00007ffaa1d20000 - 0x00007ffaa1d48000 	C:\WINDOWS\System32\GDI32.dll
0x00007ffaa0610000 - 0x00007ffaa07a2000 	C:\WINDOWS\System32\gdi32full.dll
0x00007ffaa0570000 - 0x00007ffaa060f000 	C:\WINDOWS\System32\msvcp_win.dll
0x00007ffa9fb70000 - 0x00007ffa9fc6a000 	C:\WINDOWS\System32\ucrtbase.dll
0x00007ffa90130000 - 0x00007ffa90399000 	C:\WINDOWS\WinSxS\amd64_microsoft.windows.common-controls_6595b64144ccf1df_6.0.17134.112_none_fb3f961b30681c12\COMCTL32.dll
0x00007ffaa1f30000 - 0x00007ffaa2253000 	C:\WINDOWS\System32\combase.dll
0x00007ffa9f7a0000 - 0x00007ffa9f81a000 	C:\WINDOWS\System32\bcryptPrimitives.dll
0x00007ffaa24b0000 - 0x00007ffaa24dd000 	C:\WINDOWS\System32\IMM32.DLL
0x000000005c500000 - 0x000000005c5d2000 	C:\Program Files\Java\jdk1.8.0_131\jre\bin\msvcr100.dll
0x000000005b090000 - 0x000000005b92c000 	C:\Program Files\Java\jdk1.8.0_131\jre\bin\server\jvm.dll
0x00007ffaa3200000 - 0x00007ffaa3208000 	C:\WINDOWS\System32\PSAPI.DLL
0x00007ffa8d780000 - 0x00007ffa8d78a000 	C:\WINDOWS\SYSTEM32\VERSION.dll
0x00007ffa8caf0000 - 0x00007ffa8caf9000 	C:\WINDOWS\SYSTEM32\WSOCK32.dll
0x00007ffa9d010000 - 0x00007ffa9d033000 	C:\WINDOWS\SYSTEM32\WINMM.dll
0x00007ffaa3270000 - 0x00007ffaa32dc000 	C:\WINDOWS\System32\WS2_32.dll
0x00007ffa9cf40000 - 0x00007ffa9cf6a000 	C:\WINDOWS\SYSTEM32\WINMMBASE.dll
0x00007ffa9fb20000 - 0x00007ffa9fb69000 	C:\WINDOWS\System32\cfgmgr32.dll
0x000000005c4f0000 - 0x000000005c4ff000 	C:\Program Files\Java\jdk1.8.0_131\jre\bin\verify.dll
0x000000005c4c0000 - 0x000000005c4e9000 	C:\Program Files\Java\jdk1.8.0_131\jre\bin\java.dll
0x000000005c4a0000 - 0x000000005c4b6000 	C:\Program Files\Java\jdk1.8.0_131\jre\bin\zip.dll
0x00007ffaa0860000 - 0x00007ffaa1ca0000 	C:\WINDOWS\System32\SHELL32.dll
0x00007ffaa1d50000 - 0x00007ffaa1df9000 	C:\WINDOWS\System32\shcore.dll
0x00007ffa9fe60000 - 0x00007ffaa056d000 	C:\WINDOWS\System32\windows.storage.dll
0x00007ffaa3130000 - 0x00007ffaa3181000 	C:\WINDOWS\System32\shlwapi.dll
0x00007ffa9f760000 - 0x00007ffa9f771000 	C:\WINDOWS\System32\kernel.appcore.dll
0x00007ffa9f780000 - 0x00007ffa9f79f000 	C:\WINDOWS\System32\profapi.dll
0x00007ffa9f700000 - 0x00007ffa9f74c000 	C:\WINDOWS\System32\powrprof.dll
0x00007ffa9f750000 - 0x00007ffa9f75a000 	C:\WINDOWS\System32\FLTLIB.DLL
0x000000005c450000 - 0x000000005c46a000 	C:\Program Files\Java\jdk1.8.0_131\jre\bin\net.dll
0x00007ffa9eeb0000 - 0x00007ffa9ef16000 	C:\WINDOWS\system32\mswsock.dll
0x000000005c430000 - 0x000000005c441000 	C:\Program Files\Java\jdk1.8.0_131\jre\bin\nio.dll
0x00007ffa98140000 - 0x00007ffa9815e000 	C:\Users\Victor\.gradle\native\25\windows-amd64\native-platform.dll
0x000000005c370000 - 0x000000005c37d000 	C:\Program Files\Java\jdk1.8.0_131\jre\bin\management.dll
0x00007ffa9f0c0000 - 0x00007ffa9f0d7000 	C:\WINDOWS\SYSTEM32\CRYPTSP.dll
0x00007ffa9eaa0000 - 0x00007ffa9ead3000 	C:\WINDOWS\system32\rsaenh.dll
0x00007ffa9f1e0000 - 0x00007ffa9f205000 	C:\WINDOWS\SYSTEM32\bcrypt.dll
0x00007ffa9f610000 - 0x00007ffa9f638000 	C:\WINDOWS\SYSTEM32\USERENV.dll
0x00007ffa9f010000 - 0x00007ffa9f01b000 	C:\WINDOWS\SYSTEM32\CRYPTBASE.dll
0x00007ffa9ec40000 - 0x00007ffa9ec78000 	C:\WINDOWS\SYSTEM32\IPHLPAPI.DLL
0x00007ffaa3190000 - 0x00007ffaa3198000 	C:\WINDOWS\System32\NSI.dll
0x00007ffa9a7c0000 - 0x00007ffa9a7d6000 	C:\WINDOWS\SYSTEM32\dhcpcsvc6.DLL
0x00007ffa9a7a0000 - 0x00007ffa9a7ba000 	C:\WINDOWS\SYSTEM32\dhcpcsvc.DLL
0x000000005c340000 - 0x000000005c364000 	C:\Program Files\Java\jdk1.8.0_131\jre\bin\sunec.dll
0x00007ffa9ec80000 - 0x00007ffa9ed3e000 	C:\WINDOWS\SYSTEM32\DNSAPI.dll
0x00007ffa919a0000 - 0x00007ffa919aa000 	C:\Windows\System32\rasadhlp.dll
0x00007ffa9af20000 - 0x00007ffa9af92000 	C:\WINDOWS\System32\fwpuclnt.dll
0x000000005c330000 - 0x000000005c33b000 	C:\Program Files\Java\jdk1.8.0_131\jre\bin\sunmscapi.dll
0x00007ffa9fc70000 - 0x00007ffa9fe52000 	C:\WINDOWS\System32\CRYPT32.dll
0x00007ffa9f6e0000 - 0x00007ffa9f6f2000 	C:\WINDOWS\System32\MSASN1.dll
0x00007ffa74a20000 - 0x00007ffa74a36000 	C:\WINDOWS\system32\napinsp.dll
0x00007ffa74a00000 - 0x00007ffa74a1a000 	C:\WINDOWS\system32\pnrpnsp.dll
0x00007ffa9cd70000 - 0x00007ffa9cd89000 	C:\WINDOWS\system32\NLAapi.dll
0x00007ffa749f0000 - 0x00007ffa749fe000 	C:\WINDOWS\System32\winrnr.dll
0x00007ffa97c40000 - 0x00007ffa97c55000 	C:\WINDOWS\System32\wshbth.dll

VM Arguments:
jvm_args: -XX:+HeapDumpOnOutOfMemoryError -Xmx1024m -Dfile.encoding=windows-1252 -Duser.country=CL -Duser.language=es -Duser.variant 
java_command: org.gradle.launcher.daemon.bootstrap.GradleDaemon 4.5.1
java_class_path (initial): C:\Users\Victor\.gradle\wrapper\dists\gradle-4.5.1-bin\a5vbgfvpwtoqz8v2cdivxz28k\gradle-4.5.1\lib\gradle-launcher-4.5.1.jar
Launcher Type: SUN_STANDARD

Environment Variables:
JAVA_HOME=C:\Program Files\Java\jdk1.7.0_76
PATH=C:\Ruby25-x64\bin;C:\Program Files\Docker\Docker\Resources\bin;C:\app\Victor\product\11.2.0\client_2;C:\app\Victor\product\11.2.0\client_1;C:\Program Files (x86)\Intel\iCLS Client\;C:\ProgramData\Oracle\Java\javapath;C:\Program Files\Intel\iCLS Client\;C:\WINDOWS\system32;C:\WINDOWS;C:\WINDOWS\System32\Wbem;C:\WINDOWS\System32\WindowsPowerShell\v1.0\;C:\xampp\php;C:\Program Files\Intel\WiFi\bin\;C:\Program Files\Common Files\Intel\WirelessCommon\;C:\ProgramData\chocolatey\bin;C:\Program Files (x86)\Microsoft SQL Server\100\Tools\Binn\;C:\Program Files\Microsoft SQL Server\100\Tools\Binn\;C:\Program Files\Microsoft SQL Server\100\DTS\Binn\;C:\Program Files (x86)\Microsoft SQL Server\100\Tools\Binn\VSShell\Common7\IDE\;C:\Program Files (x86)\Microsoft SQL Server\100\DTS\Binn\;C:\Program Files (x86)\Microsoft Visual Studio 9.0\Common7\IDE\PrivateAssemblies\;C:\Program Files\Microsoft SQL Server\Client SDK\ODBC\130\Tools\Binn\;C:\Program Files (x86)\Microsoft SQL Server\140\Tools\Binn\;C:\Program Files\Microsoft SQL Server\140\Tools\Binn\;C:\Program Files\Microsoft SQL Server\140\DTS\Binn\;C:\Program Files (x86)\Intel\Intel(R) Management Engine Components\DAL;C:\Program Files\Intel\Intel(R) Management Engine Components\DAL;C:\Program Files (x86)\Intel\Intel(R) Management Engine Components\IPT;C:\Program Files\Intel\Intel(R) Management Engine Components\IPT;C:\orant\BIN;C:\Program Files\TortoiseSVN\bin;C:\ProgramData\Oracle\Java;C:\WINDOWS\System32\OpenSSH\;C:\Program Files\Git\cmd;C:\Program Files\Git\mingw64\bin;C:\Program Files\Git\usr\bin;C:\Users\Victor\AppData\Local\Microsoft\WindowsApps;C:\android-sdk\tools;C:\android-sdk\platform-tools;C:\Program Files\sonarqube-7.2\bin;C:\sonar-scanner-3.2.0.1227-windows\bin;
USERNAME=Victor
OS=Windows_NT
PROCESSOR_IDENTIFIER=Intel64 Family 6 Model 78 Stepping 3, GenuineIntel



---------------  S Y S T E M  ---------------

OS: Windows 10.0 , 64 bit Build 17134 (10.0.17134.1)

CPU:total 4 (initial active 4) (2 cores per cpu, 2 threads per core) family 6 model 78 stepping 3, cmov, cx8, fxsr, mmx, sse, sse2, sse3, ssse3, sse4.1, sse4.2, popcnt, avx, avx2, aes, clmul, erms, 3dnowpref, lzcnt, ht, tsc, tscinvbit, bmi1, bmi2, adx

Memory: 4k page, physical 8276388k(1178136k free), swap 12470692k(3324k free)

vm_info: Java HotSpot(TM) 64-Bit Server VM (25.131-b11) for windows-amd64 JRE (1.8.0_131-b11), built on Mar 15 2017 01:23:53 by "java_re" with MS VC++ 10.0 (VS2010)

time: Tue Jun 26 12:15:15 2018
elapsed time: 6239 seconds (0d 1h 43m 59s)

