#
# There is insufficient memory for the Java Runtime Environment to continue.
# Native memory allocation (malloc) failed to allocate 323856 bytes for Chunk::new
# Possible reasons:
#   The system is out of physical RAM or swap space
#   In 32 bit mode, the process size limit was hit
# Possible solutions:
#   Reduce memory load on the system
#   Increase physical memory or swap space
#   Check if swap backing store is full
#   Use 64 bit Java on a 64 bit OS
#   Decrease Java heap size (-Xmx/-Xms)
#   Decrease number of Java threads
#   Decrease Java thread stack sizes (-Xss)
#   Set larger code cache with -XX:ReservedCodeCacheSize=
# This output file may be truncated or incomplete.
#
#  Out of Memory Error (allocation.cpp:390), pid=14516, tid=0x0000000000005d8c
#
# JRE version: Java(TM) SE Runtime Environment (8.0_131-b11) (build 1.8.0_131-b11)
# Java VM: Java HotSpot(TM) 64-Bit Server VM (25.131-b11 mixed mode windows-amd64 compressed oops)
# Failed to write core dump. Minidumps are not enabled by default on client versions of Windows
#

---------------  T H R E A D  ---------------

Current thread (0x0000000015abd800):  JavaThread "C2 CompilerThread1" daemon [_thread_in_native, id=23948, stack(0x0000000017230000,0x0000000017330000)]

Stack: [0x0000000017230000,0x0000000017330000]
[error occurred during error reporting (printing stack bounds), id 0xc0000005]

Native frames: (J=compiled Java code, j=interpreted, Vv=VM code, C=native code)


Current CompileTask:
C2:  15878 6024   !   4       com.sun.beans.TypeResolver::resolve (274 bytes)


---------------  P R O C E S S  ---------------

Java Threads: ( => current thread )
  0x000000001c421800 JavaThread "Memory manager" [_thread_blocked, id=25632, stack(0x000000001ff70000,0x0000000020070000)]
  0x000000001c421000 JavaThread "Build operations Thread 4" [_thread_blocked, id=12268, stack(0x000000001fb70000,0x000000001fc70000)]
  0x0000000018c62800 JavaThread "Build operations Thread 3" [_thread_blocked, id=24628, stack(0x000000001fa70000,0x000000001fb70000)]
  0x0000000018c60000 JavaThread "Build operations Thread 2" [_thread_blocked, id=24736, stack(0x000000001f970000,0x000000001fa70000)]
  0x0000000018c5f800 JavaThread "Build operations" [_thread_blocked, id=17344, stack(0x000000001f870000,0x000000001f970000)]
  0x0000000018c5e800 JavaThread "Cache worker for Artifact transforms cache (C:\Users\Victor\.gradle\caches\transforms-1)" [_thread_blocked, id=24608, stack(0x000000001f170000,0x000000001f270000)]
  0x0000000018c5e000 JavaThread "Cache worker for file hash cache (C:\Capacitacion\logbook-app\.gradle\4.5.1\fileHashes)" [_thread_blocked, id=19816, stack(0x000000001b770000,0x000000001b870000)]
  0x0000000018c5d000 JavaThread "File lock request listener" [_thread_in_native, id=20588, stack(0x000000001a6a0000,0x000000001a7a0000)]
  0x0000000018c61000 JavaThread "Cache worker for file hash cache (C:\Users\Victor\.gradle\caches\4.5.1\fileHashes)" [_thread_blocked, id=25104, stack(0x000000001a5a0000,0x000000001a6a0000)]
  0x0000000018a97000 JavaThread "Stdin handler" [_thread_blocked, id=26776, stack(0x000000001a2a0000,0x000000001a3a0000)]
  0x0000000018a5b800 JavaThread "Asynchronous log dispatcher for DefaultDaemonConnection: socket connection from /127.0.0.1:50053 to /127.0.0.1:50055" [_thread_blocked, id=18616, stack(0x000000001a1a0000,0x000000001a2a0000)]
  0x0000000018b19800 JavaThread "Daemon worker" [_thread_in_Java, id=24648, stack(0x000000001a0a0000,0x000000001a1a0000)]
  0x0000000018b18000 JavaThread "Cancel handler" [_thread_blocked, id=17804, stack(0x0000000019fa0000,0x000000001a0a0000)]
  0x0000000018b08800 JavaThread "Handler for socket connection from /127.0.0.1:50053 to /127.0.0.1:50055" [_thread_in_native, id=16280, stack(0x0000000019ca0000,0x0000000019da0000)]
  0x0000000018972800 JavaThread "Daemon" [_thread_blocked, id=23688, stack(0x0000000019ba0000,0x0000000019ca0000)]
  0x0000000018781800 JavaThread "Daemon periodic checks" [_thread_blocked, id=21044, stack(0x0000000019aa0000,0x0000000019ba0000)]
  0x000000001877f800 JavaThread "Incoming local TCP Connector on port 50053" [_thread_in_native, id=20692, stack(0x0000000019840000,0x0000000019940000)]
  0x0000000018438000 JavaThread "Daemon health stats" [_thread_blocked, id=27636, stack(0x0000000019200000,0x0000000019300000)]
  0x0000000017451000 JavaThread "Service Thread" daemon [_thread_blocked, id=24192, stack(0x0000000017830000,0x0000000017930000)]
  0x0000000015acb000 JavaThread "C1 CompilerThread2" daemon [_thread_blocked, id=6068, stack(0x0000000017330000,0x0000000017430000)]
=>0x0000000015abd800 JavaThread "C2 CompilerThread1" daemon [_thread_in_native, id=23948, stack(0x0000000017230000,0x0000000017330000)]
  0x0000000015abb000 JavaThread "C2 CompilerThread0" daemon [_thread_in_native, id=20228, stack(0x0000000017130000,0x0000000017230000)]
  0x0000000015ac9000 JavaThread "Attach Listener" daemon [_thread_blocked, id=26848, stack(0x0000000017030000,0x0000000017130000)]
  0x0000000015ac8000 JavaThread "Signal Dispatcher" daemon [_thread_blocked, id=21624, stack(0x0000000016f30000,0x0000000017030000)]
  0x00000000033ec800 JavaThread "Finalizer" daemon [_thread_blocked, id=20700, stack(0x0000000016d20000,0x0000000016e20000)]
  0x00000000033e2000 JavaThread "Reference Handler" daemon [_thread_blocked, id=14180, stack(0x0000000016c20000,0x0000000016d20000)]
  0x00000000032ee000 JavaThread "main" [_thread_blocked, id=27388, stack(0x0000000003100000,0x0000000003200000)]

Other Threads:
  0x0000000015a88000 VMThread [stack: 0x0000000016b20000,0x0000000016c20000] [id=26376]
  0x000000001745b800 WatcherThread [stack: 0x0000000017930000,0x0000000017a30000] [id=24516]

VM state:not at safepoint (normal execution)

VM Mutex/Monitor currently owned by a thread: None

Heap:
 PSYoungGen      total 179712K, used 19826K [0x00000000eab00000, 0x00000000f6a00000, 0x0000000100000000)
  eden space 165376K, 3% used [0x00000000eab00000,0x00000000eb134b30,0x00000000f4c80000)
  from space 14336K, 93% used [0x00000000f4c80000,0x00000000f59a8030,0x00000000f5a80000)
  to   space 13824K, 0% used [0x00000000f5a80000,0x00000000f5a80000,0x00000000f6800000)
 ParOldGen       total 59904K, used 17815K [0x00000000c0000000, 0x00000000c3a80000, 0x00000000eab00000)
  object space 59904K, 29% used [0x00000000c0000000,0x00000000c1165db8,0x00000000c3a80000)
 Metaspace       used 40813K, capacity 41952K, committed 42024K, reserved 1085440K
  class space    used 5829K, capacity 6152K, committed 6184K, reserved 1048576K

Card table byte_map: [0x00000000127b0000,0x00000000129c0000] byte_map_base: 0x00000000121b0000

Marking Bits: (ParMarkBitMap*) 0x000000005b8ac720
 Begin Bits: [0x0000000012f20000, 0x0000000013f20000)
 End Bits:   [0x0000000013f20000, 0x0000000014f20000)

Polling page: 0x0000000001260000

CodeCache: size=245760Kb used=19595Kb max_used=19595Kb free=226164Kb
 bounds [0x00000000033f0000, 0x0000000004730000, 0x00000000123f0000]
 total_blobs=6193 nmethods=5488 adapters=616
 compilation: enabled

Compilation events (10 events):
Event: 15.662 Thread 0x0000000015acb000 6087       3       java.util.ComparableTimSort::countRunAndMakeAscending (123 bytes)
Event: 15.663 Thread 0x0000000015acb000 nmethod 6087 0x0000000004722ed0 code [0x00000000047230e0, 0x0000000004723e88]
Event: 15.722 Thread 0x0000000015acb000 6088       3       groovyjarjarasm.asm.MethodWriter::a (38 bytes)
Event: 15.723 Thread 0x0000000015acb000 nmethod 6088 0x00000000047243d0 code [0x0000000004724540, 0x00000000047247f0]
Event: 15.723 Thread 0x0000000015acb000 6089       3       org.codehaus.groovy.classgen.asm.BytecodeHelper::getClassInternalName (9 bytes)
Event: 15.723 Thread 0x0000000015acb000 nmethod 6089 0x0000000004724950 code [0x0000000004724ac0, 0x0000000004724cc8]
Event: 15.726 Thread 0x0000000015acb000 6090       3       java.util.concurrent.ConcurrentHashMap::resizeStamp (13 bytes)
Event: 15.726 Thread 0x0000000015acb000 nmethod 6090 0x0000000004724d90 code [0x0000000004724f00, 0x0000000004725088]
Event: 15.840 Thread 0x0000000015acb000 6091       3       java.util.regex.Pattern::newSlice (181 bytes)
Event: 15.842 Thread 0x0000000015acb000 nmethod 6091 0x0000000004725110 code [0x00000000047253e0, 0x0000000004726678]

GC Heap History (10 events):
Event: 9.425 GC heap before
{Heap before GC invocations=9 (full 1):
 PSYoungGen      total 140288K, used 58994K [0x00000000eab00000, 0x00000000f6080000, 0x0000000100000000)
  eden space 130560K, 37% used [0x00000000eab00000,0x00000000edb20a80,0x00000000f2a80000)
  from space 9728K, 99% used [0x00000000f2a80000,0x00000000f33fbf28,0x00000000f3400000)
  to   space 12288K, 0% used [0x00000000f5480000,0x00000000f5480000,0x00000000f6080000)
 ParOldGen       total 59904K, used 11379K [0x00000000c0000000, 0x00000000c3a80000, 0x00000000eab00000)
  object space 59904K, 18% used [0x00000000c0000000,0x00000000c0b1cfa8,0x00000000c3a80000)
 Metaspace       used 34679K, capacity 35410K, committed 35496K, reserved 1079296K
  class space    used 5032K, capacity 5266K, committed 5288K, reserved 1048576K
Event: 9.444 GC heap after
Heap after GC invocations=9 (full 1):
 PSYoungGen      total 142848K, used 10967K [0x00000000eab00000, 0x00000000f6080000, 0x0000000100000000)
  eden space 130560K, 0% used [0x00000000eab00000,0x00000000eab00000,0x00000000f2a80000)
  from space 12288K, 89% used [0x00000000f5480000,0x00000000f5f35f78,0x00000000f6080000)
  to   space 9728K, 0% used [0x00000000f2a80000,0x00000000f2a80000,0x00000000f3400000)
 ParOldGen       total 59904K, used 11387K [0x00000000c0000000, 0x00000000c3a80000, 0x00000000eab00000)
  object space 59904K, 19% used [0x00000000c0000000,0x00000000c0b1efa8,0x00000000c3a80000)
 Metaspace       used 34679K, capacity 35410K, committed 35496K, reserved 1079296K
  class space    used 5032K, capacity 5266K, committed 5288K, reserved 1048576K
}
Event: 9.444 GC heap before
{Heap before GC invocations=10 (full 2):
 PSYoungGen      total 142848K, used 10967K [0x00000000eab00000, 0x00000000f6080000, 0x0000000100000000)
  eden space 130560K, 0% used [0x00000000eab00000,0x00000000eab00000,0x00000000f2a80000)
  from space 12288K, 89% used [0x00000000f5480000,0x00000000f5f35f78,0x00000000f6080000)
  to   space 9728K, 0% used [0x00000000f2a80000,0x00000000f2a80000,0x00000000f3400000)
 ParOldGen       total 59904K, used 11387K [0x00000000c0000000, 0x00000000c3a80000, 0x00000000eab00000)
  object space 59904K, 19% used [0x00000000c0000000,0x00000000c0b1efa8,0x00000000c3a80000)
 Metaspace       used 34679K, capacity 35410K, committed 35496K, reserved 1079296K
  class space    used 5032K, capacity 5266K, committed 5288K, reserved 1048576K
Event: 9.553 GC heap after
Heap after GC invocations=10 (full 2):
 PSYoungGen      total 142848K, used 0K [0x00000000eab00000, 0x00000000f6080000, 0x0000000100000000)
  eden space 130560K, 0% used [0x00000000eab00000,0x00000000eab00000,0x00000000f2a80000)
  from space 12288K, 0% used [0x00000000f5480000,0x00000000f5480000,0x00000000f6080000)
  to   space 9728K, 0% used [0x00000000f2a80000,0x00000000f2a80000,0x00000000f3400000)
 ParOldGen       total 59904K, used 17354K [0x00000000c0000000, 0x00000000c3a80000, 0x00000000eab00000)
  object space 59904K, 28% used [0x00000000c0000000,0x00000000c10f28a0,0x00000000c3a80000)
 Metaspace       used 34679K, capacity 35410K, committed 35496K, reserved 1079296K
  class space    used 5032K, capacity 5266K, committed 5288K, reserved 1048576K
}
Event: 12.396 GC heap before
{Heap before GC invocations=11 (full 2):
 PSYoungGen      total 142848K, used 130560K [0x00000000eab00000, 0x00000000f6080000, 0x0000000100000000)
  eden space 130560K, 100% used [0x00000000eab00000,0x00000000f2a80000,0x00000000f2a80000)
  from space 12288K, 0% used [0x00000000f5480000,0x00000000f5480000,0x00000000f6080000)
  to   space 9728K, 0% used [0x00000000f2a80000,0x00000000f2a80000,0x00000000f3400000)
 ParOldGen       total 59904K, used 17354K [0x00000000c0000000, 0x00000000c3a80000, 0x00000000eab00000)
  object space 59904K, 28% used [0x00000000c0000000,0x00000000c10f28a0,0x00000000c3a80000)
 Metaspace       used 38907K, capacity 39990K, committed 40104K, reserved 1083392K
  class space    used 5639K, capacity 5973K, committed 6056K, reserved 1048576K
Event: 12.410 GC heap after
Heap after GC invocations=11 (full 2):
 PSYoungGen      total 140288K, used 9723K [0x00000000eab00000, 0x00000000f6800000, 0x0000000100000000)
  eden space 130560K, 0% used [0x00000000eab00000,0x00000000eab00000,0x00000000f2a80000)
  from space 9728K, 99% used [0x00000000f2a80000,0x00000000f33fef50,0x00000000f3400000)
  to   space 13824K, 0% used [0x00000000f5a80000,0x00000000f5a80000,0x00000000f6800000)
 ParOldGen       total 59904K, used 17799K [0x00000000c0000000, 0x00000000c3a80000, 0x00000000eab00000)
  object space 59904K, 29% used [0x00000000c0000000,0x00000000c1161db8,0x00000000c3a80000)
 Metaspace       used 38907K, capacity 39990K, committed 40104K, reserved 1083392K
  class space    used 5639K, capacity 5973K, committed 6056K, reserved 1048576K
}
Event: 13.532 GC heap before
{Heap before GC invocations=12 (full 2):
 PSYoungGen      total 140288K, used 140283K [0x00000000eab00000, 0x00000000f6800000, 0x0000000100000000)
  eden space 130560K, 100% used [0x00000000eab00000,0x00000000f2a80000,0x00000000f2a80000)
  from space 9728K, 99% used [0x00000000f2a80000,0x00000000f33fef50,0x00000000f3400000)
  to   space 13824K, 0% used [0x00000000f5a80000,0x00000000f5a80000,0x00000000f6800000)
 ParOldGen       total 59904K, used 17799K [0x00000000c0000000, 0x00000000c3a80000, 0x00000000eab00000)
  object space 59904K, 29% used [0x00000000c0000000,0x00000000c1161db8,0x00000000c3a80000)
 Metaspace       used 39283K, capacity 40416K, committed 40616K, reserved 1083392K
  class space    used 5655K, capacity 5980K, committed 6056K, reserved 1048576K
Event: 13.551 GC heap after
Heap after GC invocations=12 (full 2):
 PSYoungGen      total 179200K, used 10672K [0x00000000eab00000, 0x00000000f6a00000, 0x0000000100000000)
  eden space 165376K, 0% used [0x00000000eab00000,0x00000000eab00000,0x00000000f4c80000)
  from space 13824K, 77% used [0x00000000f5a80000,0x00000000f64ec040,0x00000000f6800000)
  to   space 14336K, 0% used [0x00000000f4c80000,0x00000000f4c80000,0x00000000f5a80000)
 ParOldGen       total 59904K, used 17807K [0x00000000c0000000, 0x00000000c3a80000, 0x00000000eab00000)
  object space 59904K, 29% used [0x00000000c0000000,0x00000000c1163db8,0x00000000c3a80000)
 Metaspace       used 39283K, capacity 40416K, committed 40616K, reserved 1083392K
  class space    used 5655K, capacity 5980K, committed 6056K, reserved 1048576K
}
Event: 15.508 GC heap before
{Heap before GC invocations=13 (full 2):
 PSYoungGen      total 179200K, used 176048K [0x00000000eab00000, 0x00000000f6a00000, 0x0000000100000000)
  eden space 165376K, 100% used [0x00000000eab00000,0x00000000f4c80000,0x00000000f4c80000)
  from space 13824K, 77% used [0x00000000f5a80000,0x00000000f64ec040,0x00000000f6800000)
  to   space 14336K, 0% used [0x00000000f4c80000,0x00000000f4c80000,0x00000000f5a80000)
 ParOldGen       total 59904K, used 17807K [0x00000000c0000000, 0x00000000c3a80000, 0x00000000eab00000)
  object space 59904K, 29% used [0x00000000c0000000,0x00000000c1163db8,0x00000000c3a80000)
 Metaspace       used 40747K, capacity 41870K, committed 42024K, reserved 1085440K
  class space    used 5815K, capacity 6146K, committed 6184K, reserved 1048576K
Event: 15.635 GC heap after
Heap after GC invocations=13 (full 2):
 PSYoungGen      total 179712K, used 13472K [0x00000000eab00000, 0x00000000f6a00000, 0x0000000100000000)
  eden space 165376K, 0% used [0x00000000eab00000,0x00000000eab00000,0x00000000f4c80000)
  from space 14336K, 93% used [0x00000000f4c80000,0x00000000f59a8030,0x00000000f5a80000)
  to   space 13824K, 0% used [0x00000000f5a80000,0x00000000f5a80000,0x00000000f6800000)
 ParOldGen       total 59904K, used 17815K [0x00000000c0000000, 0x00000000c3a80000, 0x00000000eab00000)
  object space 59904K, 29% used [0x00000000c0000000,0x00000000c1165db8,0x00000000c3a80000)
 Metaspace       used 40747K, capacity 41870K, committed 42024K, reserved 1085440K
  class space    used 5815K, capacity 6146K, committed 6184K, reserved 1048576K
}

Deoptimization events (10 events):
Event: 14.724 Thread 0x0000000018b19800 Uncommon trap: reason=unstable_if action=reinterpret pc=0x00000000041c8f54 method=java.util.HashMap$HashIterator.<init>(Ljava/util/HashMap;)V @ 45
Event: 14.930 Thread 0x0000000018b19800 Uncommon trap: reason=class_check action=maybe_recompile pc=0x0000000003692cbc method=com.google.common.collect.AbstractMapBasedMultimap$WrappedCollection.refreshIfEmpty()V @ 59
Event: 14.930 Thread 0x0000000018b19800 Uncommon trap: reason=class_check action=maybe_recompile pc=0x0000000003692cbc method=com.google.common.collect.AbstractMapBasedMultimap$WrappedCollection.refreshIfEmpty()V @ 59
Event: 14.930 Thread 0x0000000018b19800 Uncommon trap: reason=class_check action=maybe_recompile pc=0x0000000003692cbc method=com.google.common.collect.AbstractMapBasedMultimap$WrappedCollection.refreshIfEmpty()V @ 59
Event: 14.930 Thread 0x0000000018b19800 Uncommon trap: reason=class_check action=maybe_recompile pc=0x0000000003692cbc method=com.google.common.collect.AbstractMapBasedMultimap$WrappedCollection.refreshIfEmpty()V @ 59
Event: 14.977 Thread 0x0000000018b19800 Uncommon trap: reason=unstable_if action=reinterpret pc=0x0000000003c8c098 method=java.lang.AbstractStringBuilder.append(I)Ljava/lang/AbstractStringBuilder; @ 16
Event: 14.993 Thread 0x0000000018b19800 Uncommon trap: reason=predicate action=maybe_recompile pc=0x0000000003fa14c0 method=java.util.TreeMap.put(Ljava/lang/Object;Ljava/lang/Object;)Ljava/lang/Object; @ 132
Event: 15.002 Thread 0x0000000018b19800 Uncommon trap: reason=class_check action=maybe_recompile pc=0x00000000039acc00 method=java.lang.Throwable.<init>(Ljava/lang/String;Ljava/lang/Throwable;)V @ 24
Event: 15.002 Thread 0x0000000018b19800 Uncommon trap: reason=class_check action=maybe_recompile pc=0x00000000039acc00 method=java.lang.Throwable.<init>(Ljava/lang/String;Ljava/lang/Throwable;)V @ 24
Event: 15.003 Thread 0x0000000018b19800 Uncommon trap: reason=class_check action=maybe_recompile pc=0x00000000039acc00 method=java.lang.Throwable.<init>(Ljava/lang/String;Ljava/lang/Throwable;)V @ 24

Internal exceptions (10 events):
Event: 15.665 Thread 0x0000000018b19800 Exception <a 'java/lang/ClassNotFoundException': org/gradle/api/internal/file/copy/DefaultCopySpecCustomizer> (0x00000000eac30f50) thrown at [C:\re\workspace\8-2-build-windows-amd64-cygwin\jdk8u131\8869\hotspot\src\share\vm\classfile\systemDictionary.cpp,
Event: 15.668 Thread 0x0000000018b19800 Exception <a 'java/lang/ClassNotFoundException': org/gradle/api/internal/file/copy/SingleParentCopySpecCustomizer> (0x00000000eacb1b10) thrown at [C:\re\workspace\8-2-build-windows-amd64-cygwin\jdk8u131\8869\hotspot\src\share\vm\classfile\systemDictionary
Event: 15.672 Thread 0x0000000018b19800 Exception <a 'java/lang/ClassNotFoundException': java/util/LinkedHashMapBeanInfo> (0x00000000eacf6200) thrown at [C:\re\workspace\8-2-build-windows-amd64-cygwin\jdk8u131\8869\hotspot\src\share\vm\classfile\systemDictionary.cpp, line 210]
Event: 15.672 Thread 0x0000000018b19800 Exception <a 'java/lang/ClassNotFoundException': java/util/LinkedHashMapCustomizer> (0x00000000eacfe378) thrown at [C:\re\workspace\8-2-build-windows-amd64-cygwin\jdk8u131\8869\hotspot\src\share\vm\classfile\systemDictionary.cpp, line 210]
Event: 15.727 Thread 0x0000000018b19800 Exception <a 'java/lang/ClassNotFoundException': org/jetbrains/plugins/gradle/model/DefaultExternalSourceSetBeanInfo> (0x00000000ead9dd48) thrown at [C:\re\workspace\8-2-build-windows-amd64-cygwin\jdk8u131\8869\hotspot\src\share\vm\classfile\systemDiction
Event: 15.728 Thread 0x0000000018b19800 Exception <a 'java/lang/ClassNotFoundException': org/jetbrains/plugins/gradle/model/DefaultExternalSourceSetCustomizer> (0x00000000eadb0248) thrown at [C:\re\workspace\8-2-build-windows-amd64-cygwin\jdk8u131\8869\hotspot\src\share\vm\classfile\systemDicti
Event: 15.838 Thread 0x0000000018b19800 Exception <a 'java/lang/ClassNotFoundException': org/gradle/api/internal/tasks/DefaultSourceSet_DecoratedBeanInfo> (0x00000000eae2aec0) thrown at [C:\re\workspace\8-2-build-windows-amd64-cygwin\jdk8u131\8869\hotspot\src\share\vm\classfile\systemDictionary
Event: 15.839 Thread 0x0000000018b19800 Exception <a 'java/lang/ClassNotFoundException': org/gradle/api/internal/tasks/DefaultSourceSetBeanInfo> (0x00000000eae4f960) thrown at [C:\re\workspace\8-2-build-windows-amd64-cygwin\jdk8u131\8869\hotspot\src\share\vm\classfile\systemDictionary.cpp, line
Event: 15.840 Thread 0x0000000018b19800 Exception <a 'java/lang/ClassNotFoundException': org/gradle/api/internal/tasks/DefaultSourceSetCustomizer> (0x00000000eae755e8) thrown at [C:\re\workspace\8-2-build-windows-amd64-cygwin\jdk8u131\8869\hotspot\src\share\vm\classfile\systemDictionary.cpp, li
Event: 15.848 Thread 0x0000000018b19800 Exception <a 'java/lang/ClassNotFoundException': org/gradle/api/internal/tasks/DefaultSourceSet_DecoratedCustomizer> (0x00000000eaec22d0) thrown at [C:\re\workspace\8-2-build-windows-amd64-cygwin\jdk8u131\8869\hotspot\src\share\vm\classfile\systemDictiona

Events (10 events):
Event: 15.840 loading class org/gradle/api/internal/tasks/DefaultSourceSetCustomizer
Event: 15.840 loading class org/gradle/api/internal/tasks/DefaultSourceSetCustomizer done
Event: 15.843 loading class org/gradle/api/internal/tasks/DefaultSourceSet_DecoratedCustomizer
Event: 15.843 loading class org/gradle/api/internal/tasks/DefaultSourceSet_DecoratedCustomizer done
Event: 15.848 loading class org/gradle/api/internal/tasks/DefaultSourceSet_DecoratedCustomizer
Event: 15.848 loading class org/gradle/api/internal/tasks/DefaultSourceSet_DecoratedCustomizer done
Event: 15.848 loading class org/gradle/api/internal/tasks/DefaultSourceSet_DecoratedCustomizer
Event: 15.848 loading class org/gradle/api/internal/tasks/DefaultSourceSet_DecoratedCustomizer done
Event: 15.851 loading class groovy/runtime/metaclass/org/gradle/api/tasks/compile/JavaCompile_DecoratedMetaClass
Event: 15.851 loading class groovy/runtime/metaclass/org/gradle/api/tasks/compile/JavaCompile_DecoratedMetaClass done


Dynamic libraries:
0x00007ff77cc10000 - 0x00007ff77cc47000 	C:\Program Files\Java\jdk1.8.0_131\bin\java.exe
0x00007ffaa33d0000 - 0x00007ffaa35b1000 	C:\WINDOWS\SYSTEM32\ntdll.dll
0x00007ffaa32e0000 - 0x00007ffaa3392000 	C:\WINDOWS\System32\KERNEL32.DLL
0x00007ffa9f8a0000 - 0x00007ffa9fb13000 	C:\WINDOWS\System32\KERNELBASE.dll
0x00007ffaa3070000 - 0x00007ffaa3111000 	C:\WINDOWS\System32\ADVAPI32.dll
0x00007ffaa2810000 - 0x00007ffaa28ae000 	C:\WINDOWS\System32\msvcrt.dll
0x00007ffaa3010000 - 0x00007ffaa306b000 	C:\WINDOWS\System32\sechost.dll
0x00007ffaa1e00000 - 0x00007ffaa1f24000 	C:\WINDOWS\System32\RPCRT4.dll
0x00007ffaa24e0000 - 0x00007ffaa2670000 	C:\WINDOWS\System32\USER32.dll
0x00007ffa9f820000 - 0x00007ffa9f840000 	C:\WINDOWS\System32\win32u.dll
0x00007ffaa1d20000 - 0x00007ffaa1d48000 	C:\WINDOWS\System32\GDI32.dll
0x00007ffaa0610000 - 0x00007ffaa07a2000 	C:\WINDOWS\System32\gdi32full.dll
0x00007ffaa0570000 - 0x00007ffaa060f000 	C:\WINDOWS\System32\msvcp_win.dll
0x00007ffa9fb70000 - 0x00007ffa9fc6a000 	C:\WINDOWS\System32\ucrtbase.dll
0x00007ffa90130000 - 0x00007ffa90399000 	C:\WINDOWS\WinSxS\amd64_microsoft.windows.common-controls_6595b64144ccf1df_6.0.17134.112_none_fb3f961b30681c12\COMCTL32.dll
0x00007ffaa1f30000 - 0x00007ffaa2253000 	C:\WINDOWS\System32\combase.dll
0x00007ffa9f7a0000 - 0x00007ffa9f81a000 	C:\WINDOWS\System32\bcryptPrimitives.dll
0x00007ffaa24b0000 - 0x00007ffaa24dd000 	C:\WINDOWS\System32\IMM32.DLL
0x000000005c500000 - 0x000000005c5d2000 	C:\Program Files\Java\jdk1.8.0_131\jre\bin\msvcr100.dll
0x000000005b090000 - 0x000000005b92c000 	C:\Program Files\Java\jdk1.8.0_131\jre\bin\server\jvm.dll
0x00007ffaa3200000 - 0x00007ffaa3208000 	C:\WINDOWS\System32\PSAPI.DLL
0x00007ffa9d010000 - 0x00007ffa9d033000 	C:\WINDOWS\SYSTEM32\WINMM.dll
0x00007ffa8caf0000 - 0x00007ffa8caf9000 	C:\WINDOWS\SYSTEM32\WSOCK32.dll
0x00007ffa9cf40000 - 0x00007ffa9cf6a000 	C:\WINDOWS\SYSTEM32\WINMMBASE.dll
0x00007ffaa3270000 - 0x00007ffaa32dc000 	C:\WINDOWS\System32\WS2_32.dll
0x00007ffa9fb20000 - 0x00007ffa9fb69000 	C:\WINDOWS\System32\cfgmgr32.dll
0x00007ffa8d780000 - 0x00007ffa8d78a000 	C:\WINDOWS\SYSTEM32\VERSION.dll
0x000000005c4f0000 - 0x000000005c4ff000 	C:\Program Files\Java\jdk1.8.0_131\jre\bin\verify.dll
0x000000005c4c0000 - 0x000000005c4e9000 	C:\Program Files\Java\jdk1.8.0_131\jre\bin\java.dll
0x000000005c4a0000 - 0x000000005c4b6000 	C:\Program Files\Java\jdk1.8.0_131\jre\bin\zip.dll
0x00007ffaa0860000 - 0x00007ffaa1ca0000 	C:\WINDOWS\System32\SHELL32.dll
0x00007ffaa1d50000 - 0x00007ffaa1df9000 	C:\WINDOWS\System32\shcore.dll
0x00007ffa9fe60000 - 0x00007ffaa056d000 	C:\WINDOWS\System32\windows.storage.dll
0x00007ffaa3130000 - 0x00007ffaa3181000 	C:\WINDOWS\System32\shlwapi.dll
0x00007ffa9f760000 - 0x00007ffa9f771000 	C:\WINDOWS\System32\kernel.appcore.dll
0x00007ffa9f780000 - 0x00007ffa9f79f000 	C:\WINDOWS\System32\profapi.dll
0x00007ffa9f700000 - 0x00007ffa9f74c000 	C:\WINDOWS\System32\powrprof.dll
0x00007ffa9f750000 - 0x00007ffa9f75a000 	C:\WINDOWS\System32\FLTLIB.DLL
0x000000005c450000 - 0x000000005c46a000 	C:\Program Files\Java\jdk1.8.0_131\jre\bin\net.dll
0x00007ffa9eeb0000 - 0x00007ffa9ef16000 	C:\WINDOWS\system32\mswsock.dll
0x000000005c430000 - 0x000000005c441000 	C:\Program Files\Java\jdk1.8.0_131\jre\bin\nio.dll
0x00007ffa98140000 - 0x00007ffa9815e000 	C:\Users\Victor\.gradle\native\25\windows-amd64\native-platform.dll
0x000000005c370000 - 0x000000005c37d000 	C:\Program Files\Java\jdk1.8.0_131\jre\bin\management.dll
0x00007ffa9f0c0000 - 0x00007ffa9f0d7000 	C:\WINDOWS\SYSTEM32\CRYPTSP.dll
0x00007ffa9eaa0000 - 0x00007ffa9ead3000 	C:\WINDOWS\system32\rsaenh.dll
0x00007ffa9f1e0000 - 0x00007ffa9f205000 	C:\WINDOWS\SYSTEM32\bcrypt.dll
0x00007ffa9f610000 - 0x00007ffa9f638000 	C:\WINDOWS\SYSTEM32\USERENV.dll
0x00007ffa9f010000 - 0x00007ffa9f01b000 	C:\WINDOWS\SYSTEM32\CRYPTBASE.dll
0x00007ffa9ec40000 - 0x00007ffa9ec78000 	C:\WINDOWS\SYSTEM32\IPHLPAPI.DLL
0x00007ffaa3190000 - 0x00007ffaa3198000 	C:\WINDOWS\System32\NSI.dll
0x00007ffa9a7c0000 - 0x00007ffa9a7d6000 	C:\WINDOWS\SYSTEM32\dhcpcsvc6.DLL
0x00007ffa9a7a0000 - 0x00007ffa9a7ba000 	C:\WINDOWS\SYSTEM32\dhcpcsvc.DLL

VM Arguments:
jvm_args: -XX:+HeapDumpOnOutOfMemoryError -Xmx1024m -Dfile.encoding=windows-1252 -Duser.country=CL -Duser.language=es -Duser.variant 
java_command: org.gradle.launcher.daemon.bootstrap.GradleDaemon 4.5.1
java_class_path (initial): C:\Users\Victor\.gradle\wrapper\dists\gradle-4.5.1-bin\a5vbgfvpwtoqz8v2cdivxz28k\gradle-4.5.1\lib\gradle-launcher-4.5.1.jar
Launcher Type: SUN_STANDARD

Environment Variables:
JAVA_HOME=C:\Program Files\Java\jdk1.7.0_76
PATH=C:\Ruby25-x64\bin;C:\Program Files\Docker\Docker\Resources\bin;C:\app\Victor\product\11.2.0\client_2;C:\app\Victor\product\11.2.0\client_1;C:\Program Files (x86)\Intel\iCLS Client\;C:\ProgramData\Oracle\Java\javapath;C:\Program Files\Intel\iCLS Client\;C:\WINDOWS\system32;C:\WINDOWS;C:\WINDOWS\System32\Wbem;C:\WINDOWS\System32\WindowsPowerShell\v1.0\;C:\xampp\php;C:\Program Files\Intel\WiFi\bin\;C:\Program Files\Common Files\Intel\WirelessCommon\;C:\ProgramData\chocolatey\bin;C:\Program Files (x86)\Microsoft SQL Server\100\Tools\Binn\;C:\Program Files\Microsoft SQL Server\100\Tools\Binn\;C:\Program Files\Microsoft SQL Server\100\DTS\Binn\;C:\Program Files (x86)\Microsoft SQL Server\100\Tools\Binn\VSShell\Common7\IDE\;C:\Program Files (x86)\Microsoft SQL Server\100\DTS\Binn\;C:\Program Files (x86)\Microsoft Visual Studio 9.0\Common7\IDE\PrivateAssemblies\;C:\Program Files\Microsoft SQL Server\Client SDK\ODBC\130\Tools\Binn\;C:\Program Files (x86)\Microsoft SQL Server\140\Tools\Binn\;C:\Program Files\Microsoft SQL Server\140\Tools\Binn\;C:\Program Files\Microsoft SQL Server\140\DTS\Binn\;C:\Program Files (x86)\Intel\Intel(R) Management Engine Components\DAL;C:\Program Files\Intel\Intel(R) Management Engine Components\DAL;C:\Program Files (x86)\Intel\Intel(R) Management Engine Components\IPT;C:\Program Files\Intel\Intel(R) Management Engine Components\IPT;C:\orant\BIN;C:\Program Files\TortoiseSVN\bin;C:\ProgramData\Oracle\Java;C:\WINDOWS\System32\OpenSSH\;C:\Program Files\Git\cmd;C:\Program Files\Git\mingw64\bin;C:\Program Files\Git\usr\bin;C:\Users\Victor\AppData\Local\Microsoft\WindowsApps;C:\android-sdk\tools;C:\android-sdk\platform-tools;C:\Program Files\sonarqube-7.2\bin;C:\sonar-scanner-3.2.0.1227-windows\bin;
USERNAME=Victor
OS=Windows_NT
PROCESSOR_IDENTIFIER=Intel64 Family 6 Model 78 Stepping 3, GenuineIntel



---------------  S Y S T E M  ---------------

OS: Windows 10.0 , 64 bit Build 17134 (10.0.17134.1)

CPU:total 4 (initial active 4) (2 cores per cpu, 2 threads per core) family 6 model 78 stepping 3, cmov, cx8, fxsr, mmx, sse, sse2, sse3, ssse3, sse4.1, sse4.2, popcnt, avx, avx2, aes, clmul, erms, 3dnowpref, lzcnt, ht, tsc, tscinvbit, bmi1, bmi2, adx

Memory: 4k page, physical 8276388k(1077512k free), swap 12470692k(8584k free)

vm_info: Java HotSpot(TM) 64-Bit Server VM (25.131-b11) for windows-amd64 JRE (1.8.0_131-b11), built on Mar 15 2017 01:23:53 by "java_re" with MS VC++ 10.0 (VS2010)

time: Tue Jun 26 12:23:08 2018
elapsed time: 15 seconds (0d 0h 0m 15s)

